collect_scatter (scatter_collect_no_array_frag_stage-0:collect) (done) job-Ggy6f6Q0yzZfPvyJJf32xq60
rnathans 2024-03-21 18:15:06 (runtime 0:00:46)
2024-03-21 18:18:38 collect_scatter INFO Logging initialized (priority)
2024-03-21 18:18:38 collect_scatter INFO Logging initialized (bulk)
2024-03-21 18:18:43 collect_scatter INFO Skipping dependency scatter_task because it is inactive in stage (function) collect
2024-03-21 18:18:43 collect_scatter INFO Downloading bundled file dxWDLrt.tar.gz
2024-03-21 18:18:46 collect_scatter STDOUT >>> Unpacking dxWDLrt.tar.gz to /
2024-03-21 18:18:46 collect_scatter STDERR tar: Removing leading `/' from member names
2024-03-21 18:18:53 collect_scatter INFO Setting SSH public key
2024-03-21 18:19:00 collect_scatter STDOUT dxpy/0.371.0 (Linux-5.15.0-1055-aws-x86_64-with-glibc2.29) Python/3.8.10
2024-03-21 18:19:01 collect_scatter STDOUT bash running (job ID job-Ggy6f6Q0yzZfPvyJJf32xq60)
2024-03-21 18:19:01 collect_scatter STDOUT Skipping bash variables for dxCompiler
2024-03-21 18:19:02 collect_scatter STDERR Creating JobMeta: rootDir /home/dnanexus, waitOnUpload: false
2024-03-21 18:19:02 collect_scatter STDERR Creating WorkflowExecutor: separateOutputs false, waitOnUpload false
2024-03-21 18:19:03 collect_scatter STDERR Creating FileSourceResolver localDirectories = /home/dnanexus/work
2024-03-21 18:19:03 collect_scatter STDERR Discovering all files in the input values
2024-03-21 18:19:03 collect_scatter STDERR Loading raw JSON input from /home/dnanexus/job_input.json
2024-03-21 18:19:03 collect_scatter STDERR Raw inputs:
2024-03-21 18:19:03 collect_scatter STDERR {
2024-03-21 18:19:03 collect_scatter STDERR   "input_string": "zzzzzzzzzzzz",
2024-03-21 18:19:03 collect_scatter STDERR   "n": 3
2024-03-21 18:19:03 collect_scatter STDERR }
2024-03-21 18:19:03 collect_scatter STDERR No overrides
2024-03-21 18:19:03 collect_scatter STDERR dxCompiler version: 2.11.6-SNAPSHOT
2024-03-21 18:19:03 collect_scatter STDERR Executable links: Map(scatter_task -> ExecutableLink(scatter_task,Map(index -> TInt, input_string -> TString),Map(out -> TFile),DxApplet(applet-Ggy6ZjQ0yzZv4kZfqzzF1Q3Q,None)))
2024-03-21 18:19:03 collect_scatter STDERR Environment: Map(input_string -> (TString,VString(zzzzzzzzzzzz)), n -> (TInt,VInt(3)))
2024-03-21 18:19:03 collect_scatter STDERR Block Vector(0) to execute:
2024-03-21 18:19:03 collect_scatter STDERR Block(0, ScatterOneCall)
2024-03-21 18:19:03 collect_scatter STDERR   Inputs: Vector(Int n, String input_string, Int i)
2024-03-21 18:19:03 collect_scatter STDERR   Outputs: Vector(Array[File] scatter_task.out)
2024-03-21 18:19:03 collect_scatter STDERR   Body:
2024-03-21 18:19:03 collect_scatter STDERR     scatter (i in range(n)) {
2024-03-21 18:19:03 collect_scatter STDERR       call scatter_task { input: input_string = input_string,index = i }
2024-03-21 18:19:03 collect_scatter STDERR     }
2024-03-21 18:19:03 collect_scatter STDERR 
2024-03-21 18:19:03 collect_scatter STDERR Env:
2024-03-21 18:19:03 collect_scatter STDERR   input_string: String zzzzzzzzzzzz
2024-03-21 18:19:03 collect_scatter STDERR   n: Int 3
2024-03-21 18:19:03 collect_scatter STDERR 
2024-03-21 18:19:03 collect_scatter STDERR 
2024-03-21 18:19:03 collect_scatter STDERR Scatter job results:
2024-03-21 18:19:03 collect_scatter STDERR   Some(ScatterExecution(scatter_task,0,Map(out -> {"$dnanexus_link":"file-Ggy6ffQ0j95GbfPyzXvBqxKx"}),DxJob(job-Ggy6f6Q0yzZkfzFvGXFZqFgJ,None)))
2024-03-21 18:19:03 collect_scatter STDERR   Some(ScatterExecution(scatter_task,1,Map(out -> {"$dnanexus_link":"file-Ggy6g4Q0pK7GbfPyzXvBqxKz"}),DxJob(job-Ggy6f6Q0yzZb2jkVYy5p1gJ5,None)))
2024-03-21 18:19:03 collect_scatter STDERR   Some(ScatterExecution(scatter_task,2,Map(out -> {"$dnanexus_link":"file-Ggy6gY0055q1jq39227yX54x"}),DxJob(job-Ggy6f6Q0yzZZ1qqjVxg1bBf2,None)))
2024-03-21 18:19:03 collect_scatter STDERR ============= flatOuts ============= Vector(DxFile(file-Ggy6ffQ0j95GbfPyzXvBqxKx,None), DxFile(file-Ggy6g4Q0pK7GbfPyzXvBqxKz,None), DxFile(file-Ggy6gY0055q1jq39227yX54x,None))
2024-03-21 18:19:03 collect_scatter STDERR Bulk describing 3 files
2024-03-21 18:19:03 collect_scatter STDERR Successfully described 3 files
2024-03-21 18:19:03 collect_scatter STDERR Scatter outputs:
2024-03-21 18:19:03 collect_scatter STDERR   scatter_task.out -> (TArray(TFile,false),VArray(Vector(VFile(dx://file-Ggy6ffQ0j95GbfPyzXvBqxKx::/no_array_result_0.txt,None,None,None,None,Vector(),None,None), VFile(dx://file-Ggy6g4Q0pK7GbfPyzXvBqxKz::/no_array_result_1.txt,None,None,None,None,Vector(),None,None), VFile(dx://file-Ggy6gY0055q1jq39227yX54x::/no_array_result_2.txt,None,None,None,None,Vector(),None,None))))
2024-03-21 18:19:03 collect_scatter STDERR prepareBlockOutputs
2024-03-21 18:19:03 collect_scatter STDERR   env = Set(input_string, n)
2024-03-21 18:19:03 collect_scatter STDERR   fragResults = Set(scatter_task.out)
2024-03-21 18:19:03 collect_scatter STDERR   exportedVars = Set(scatter_task.out)
2024-03-21 18:19:03 collect_scatter STDERR 
2024-03-21 18:19:03 collect_scatter STDERR outputLinks:
2024-03-21 18:19:03 collect_scatter STDERR   scatter_task.out -> ParameterLinkValue([{"$dnanexus_link":"file-Ggy6ffQ0j95GbfPyzXvBqxKx"},{"$dnanexus_link":"file-Ggy6g4Q0pK7GbfPyzXvBqxKz"},{"$dnanexus_link":"file-Ggy6gY0055q1jq39227yX54x"}],TArray(TFile,false))
2024-03-21 18:19:04 collect_scatter STDOUT success Collect
collect_scatter (scatter_collect_no_array_frag_stage-0:collect) (done) job-Ggy6f6Q0yzZfPvyJJf32xq60
rnathans 2024-03-21 18:15:06 (runtime 0:00:46)
Output: scatter_task___out = [ file-Ggy6ffQ0j95GbfPyzXvBqxKx,
         file-Ggy6g4Q0pK7GbfPyzXvBqxKz, file-Ggy6gY0055q1jq39227yX54x ]
