collect_scatter (scatter_collect_with_struct_frag_stage-0:collect) (done) job-GgyBygQ0yzZx14fYK83FGJb0
rnathans 2024-03-21 23:06:22 (runtime 0:00:38)
2024-03-21 23:08:29 collect_scatter INFO Logging initialized (priority)
2024-03-21 23:08:29 collect_scatter INFO Logging initialized (bulk)
2024-03-21 23:08:34 collect_scatter INFO Skipping dependency scatter_task because it is inactive in stage (function) collect
2024-03-21 23:08:34 collect_scatter INFO Downloading bundled file dxWDLrt.tar.gz
2024-03-21 23:08:37 collect_scatter STDOUT >>> Unpacking dxWDLrt.tar.gz to /
2024-03-21 23:08:37 collect_scatter STDERR tar: Removing leading `/' from member names
2024-03-21 23:08:44 collect_scatter INFO Setting SSH public key
2024-03-21 23:08:49 collect_scatter STDOUT dxpy/0.371.0 (Linux-5.15.0-1055-aws-x86_64-with-glibc2.29) Python/3.8.10
2024-03-21 23:08:50 collect_scatter STDOUT bash running (job ID job-GgyBygQ0yzZx14fYK83FGJb0)
2024-03-21 23:08:50 collect_scatter STDOUT Skipping bash variables for dxCompiler
2024-03-21 23:08:51 collect_scatter STDERR Creating JobMeta: rootDir /home/dnanexus, waitOnUpload: false
2024-03-21 23:08:51 collect_scatter STDERR Creating WorkflowExecutor: separateOutputs false, waitOnUpload false
2024-03-21 23:08:51 collect_scatter STDERR Creating FileSourceResolver localDirectories = /home/dnanexus/work
2024-03-21 23:08:51 collect_scatter STDERR Discovering all files in the input values
2024-03-21 23:08:51 collect_scatter STDERR Loading raw JSON input from /home/dnanexus/job_input.json
2024-03-21 23:08:51 collect_scatter STDERR Raw inputs:
2024-03-21 23:08:51 collect_scatter STDERR {
2024-03-21 23:08:51 collect_scatter STDERR   "input_string": "bbbbbbbbbbbbb",
2024-03-21 23:08:51 collect_scatter STDERR   "n": 3
2024-03-21 23:08:51 collect_scatter STDERR }
2024-03-21 23:08:51 collect_scatter STDERR No overrides
2024-03-21 23:08:52 collect_scatter STDERR dxCompiler version: 2.11.6-SNAPSHOT
2024-03-21 23:08:52 collect_scatter STDERR Executable links: Map(scatter_task -> ExecutableLink(scatter_task,Map(index -> TInt, input_string -> TString),Map(out -> TSchema(OutputStruct,TreeSeqMap(fileField -> TFile))),DxApplet(applet-GgyBvvQ0yzZjv802fkvPxPjP,None)))
2024-03-21 23:08:52 collect_scatter STDERR Environment: Map(input_string -> (TString,VString(bbbbbbbbbbbbb)), n -> (TInt,VInt(3)))
2024-03-21 23:08:52 collect_scatter STDERR Block Vector(0) to execute:
2024-03-21 23:08:52 collect_scatter STDERR Block(0, ScatterOneCall)
2024-03-21 23:08:52 collect_scatter STDERR   Inputs: Vector(Int n, String input_string, Int i)
2024-03-21 23:08:52 collect_scatter STDERR   Outputs: Vector(Array[Struct(OutputStruct)] scatter_task.out)
2024-03-21 23:08:52 collect_scatter STDERR   Body:
2024-03-21 23:08:52 collect_scatter STDERR     scatter (i in range(n)) {
2024-03-21 23:08:52 collect_scatter STDERR       call scatter_task { input: input_string = input_string,index = i }
2024-03-21 23:08:52 collect_scatter STDERR     }
2024-03-21 23:08:52 collect_scatter STDERR 
2024-03-21 23:08:52 collect_scatter STDERR Env:
2024-03-21 23:08:52 collect_scatter STDERR   input_string: String bbbbbbbbbbbbb
2024-03-21 23:08:52 collect_scatter STDERR   n: Int 3
2024-03-21 23:08:52 collect_scatter STDERR 
2024-03-21 23:08:52 collect_scatter STDERR 
2024-03-21 23:08:52 collect_scatter STDERR Scatter job results:
2024-03-21 23:08:52 collect_scatter STDERR   Some(ScatterExecution(scatter_task,0,Map(out -> {"___":{"fileField":{"$dnanexus_link":"file-GgyBz20004xgxk6x51YvJ5gB"}}}, out___dxfiles -> [{"$dnanexus_link":"file-GgyBz20004xgxk6x51YvJ5gB"}]),DxJob(job-GgyBygQ0yzZf0Kq2VqbG80V1,None)))
2024-03-21 23:08:52 collect_scatter STDERR   Some(ScatterExecution(scatter_task,1,Map(out -> {"___":{"fileField":{"$dnanexus_link":"file-GgyBz6j02JB58xvk5gGVy760"}}}, out___dxfiles -> [{"$dnanexus_link":"file-GgyBz6j02JB58xvk5gGVy760"}]),DxJob(job-GgyBygQ0yzZQGXZKkKBF5xkv,None)))
2024-03-21 23:08:52 collect_scatter STDERR   Some(ScatterExecution(scatter_task,2,Map(out -> {"___":{"fileField":{"$dnanexus_link":"file-GgyBzQ80Q0v0XyB5Qq5bgJv5"}}}, out___dxfiles -> [{"$dnanexus_link":"file-GgyBzQ80Q0v0XyB5Qq5bgJv5"}]),DxJob(job-GgyBygQ0yzZYpXKYZV4b6VJ6,None)))
2024-03-21 23:08:52 collect_scatter STDERR ============= flatOuts ============= Vector(DxFile(file-GgyBz20004xgxk6x51YvJ5gB,None), DxFile(file-GgyBz20004xgxk6x51YvJ5gB,None), DxFile(file-GgyBz6j02JB58xvk5gGVy760,None), DxFile(file-GgyBz6j02JB58xvk5gGVy760,None), DxFile(file-GgyBzQ80Q0v0XyB5Qq5bgJv5,None), DxFile(file-GgyBzQ80Q0v0XyB5Qq5bgJv5,None))
2024-03-21 23:08:52 collect_scatter STDERR Bulk describing 3 unique file ids
2024-03-21 23:08:52 collect_scatter STDERR Successfully bulk described 3 files
2024-03-21 23:08:52 collect_scatter STDERR Scatter outputs:
2024-03-21 23:08:52 collect_scatter STDERR   scatter_task.out -> (TArray(TSchema(OutputStruct,TreeSeqMap(fileField -> TFile)),false),VArray(Vector(VHash(TreeSeqMap(fileField -> VFile(dx://file-GgyBz20004xgxk6x51YvJ5gB::/struct_result_0.txt,None,None,None,None,Vector(),None,None))), VHash(TreeSeqMap(fileField -> VFile(dx://file-GgyBz6j02JB58xvk5gGVy760::/struct_result_1.txt,None,None,None,None,Vector(),None,None))), VHash(TreeSeqMap(fileField -> VFile(dx://file-GgyBzQ80Q0v0XyB5Qq5bgJv5::/struct_result_2.txt,None,None,None,None,Vector(),None,None))))))
2024-03-21 23:08:52 collect_scatter STDERR prepareBlockOutputs
2024-03-21 23:08:52 collect_scatter STDERR   env = Set(input_string, n)
2024-03-21 23:08:52 collect_scatter STDERR   fragResults = Set(scatter_task.out)
2024-03-21 23:08:52 collect_scatter STDERR   exportedVars = Set(scatter_task.out)
2024-03-21 23:08:52 collect_scatter STDERR 
2024-03-21 23:08:52 collect_scatter STDERR outputLinks:
2024-03-21 23:08:52 collect_scatter STDERR   scatter_task.out -> ParameterLinkValue([{"fileField":{"$dnanexus_link":"file-GgyBz20004xgxk6x51YvJ5gB"}},{"fileField":{"$dnanexus_link":"file-GgyBz6j02JB58xvk5gGVy760"}},{"fileField":{"$dnanexus_link":"file-GgyBzQ80Q0v0XyB5Qq5bgJv5"}}],TArray(TSchema(OutputStruct,TreeSeqMap(fileField -> TFile)),false))
2024-03-21 23:08:52 collect_scatter STDOUT success Collect
collect_scatter (scatter_collect_with_struct_frag_stage-0:collect) (done) job-GgyBygQ0yzZx14fYK83FGJb0
rnathans 2024-03-21 23:06:22 (runtime 0:00:38)
Output: scatter_task___out = { ___: [ { fileField: file-GgyBz20004xgxk6x51YvJ5gB }, {
         fileField: file-GgyBz6j02JB58xvk5gGVy760 }, { fileField:
         file-GgyBzQ80Q0v0XyB5Qq5bgJv5 } ] }
        scatter_task___out___dxfiles = [ file-GgyBz20004xgxk6x51YvJ5gB,
         file-GgyBz6j02JB58xvk5gGVy760, file-GgyBzQ80Q0v0XyB5Qq5bgJv5 ]
