collect_scatter (scatter_collect_nested_array_frag_stage-0:collect) (done) job-GgyF7480yzZkVGG7xK3YYzYY
rnathans 2024-03-21 23:24:17 (runtime 0:00:39)
2024-03-21 23:26:30 collect_scatter INFO Logging initialized (priority)
2024-03-21 23:26:30 collect_scatter INFO Logging initialized (bulk)
2024-03-21 23:26:34 collect_scatter INFO Skipping dependency scatter_task because it is inactive in stage (function) collect
2024-03-21 23:26:34 collect_scatter INFO Downloading bundled file dxWDLrt.tar.gz
2024-03-21 23:26:36 collect_scatter STDOUT >>> Unpacking dxWDLrt.tar.gz to /
2024-03-21 23:26:36 collect_scatter STDERR tar: Removing leading `/' from member names
2024-03-21 23:26:49 collect_scatter INFO Setting SSH public key
2024-03-21 23:26:51 collect_scatter STDOUT dxpy/0.371.0 (Linux-5.15.0-1055-aws-x86_64-with-glibc2.29) Python/3.8.10
2024-03-21 23:26:52 collect_scatter STDOUT bash running (job ID job-GgyF7480yzZkVGG7xK3YYzYY)
2024-03-21 23:26:52 collect_scatter STDOUT Skipping bash variables for dxCompiler
2024-03-21 23:26:52 collect_scatter STDERR Creating JobMeta: rootDir /home/dnanexus, waitOnUpload: false
2024-03-21 23:26:53 collect_scatter STDERR Creating WorkflowExecutor: separateOutputs false, waitOnUpload false
2024-03-21 23:26:53 collect_scatter STDERR Creating FileSourceResolver localDirectories = /home/dnanexus/work
2024-03-21 23:26:53 collect_scatter STDERR Discovering all files in the input values
2024-03-21 23:26:53 collect_scatter STDERR Loading raw JSON input from /home/dnanexus/job_input.json
2024-03-21 23:26:53 collect_scatter STDERR Raw inputs:
2024-03-21 23:26:53 collect_scatter STDERR {
2024-03-21 23:26:53 collect_scatter STDERR   "input_string": "gggggggggg",
2024-03-21 23:26:53 collect_scatter STDERR   "n": 3
2024-03-21 23:26:53 collect_scatter STDERR }
2024-03-21 23:26:53 collect_scatter STDERR No overrides
2024-03-21 23:26:54 collect_scatter STDERR dxCompiler version: 2.11.6-SNAPSHOT
2024-03-21 23:26:54 collect_scatter STDERR Executable links: Map(scatter_task -> ExecutableLink(scatter_task,Map(index -> TInt, input_string -> TString),Map(out -> TArray(TArray(TFile,false),false)),DxApplet(applet-GgyF5100yzZQBzb7BxxJfy71,None)))
2024-03-21 23:26:54 collect_scatter STDERR Environment: Map(input_string -> (TString,VString(gggggggggg)), n -> (TInt,VInt(3)))
2024-03-21 23:26:54 collect_scatter STDERR Block Vector(0) to execute:
2024-03-21 23:26:54 collect_scatter STDERR Block(0, ScatterOneCall)
2024-03-21 23:26:54 collect_scatter STDERR   Inputs: Vector(Int n, String input_string, Int i)
2024-03-21 23:26:54 collect_scatter STDERR   Outputs: Vector(Array[Array[Array[File]]] scatter_task.out)
2024-03-21 23:26:54 collect_scatter STDERR   Body:
2024-03-21 23:26:54 collect_scatter STDERR     scatter (i in range(n)) {
2024-03-21 23:26:54 collect_scatter STDERR       call scatter_task { input: input_string = input_string,index = i }
2024-03-21 23:26:54 collect_scatter STDERR     }
2024-03-21 23:26:54 collect_scatter STDERR 
2024-03-21 23:26:54 collect_scatter STDERR Env:
2024-03-21 23:26:54 collect_scatter STDERR   input_string: String gggggggggg
2024-03-21 23:26:54 collect_scatter STDERR   n: Int 3
2024-03-21 23:26:54 collect_scatter STDERR 
2024-03-21 23:26:54 collect_scatter STDERR 
2024-03-21 23:26:54 collect_scatter STDERR Scatter job results:
2024-03-21 23:26:54 collect_scatter STDERR   Some(ScatterExecution(scatter_task,0,Map(out -> {"___":[[{"$dnanexus_link":"file-GgyF7P00q9pf0Kq2VqbG80VJ"},{"$dnanexus_link":"file-GgyF7P00q9pQGXZKkKBF5xpP"}],[{"$dnanexus_link":"file-GgyF7P00q9pyV2qbgYxk30J5"},{"$dnanexus_link":"file-GgyF7P00q9pjQ8VZbpZ8YB6p"}]]}, out___dxfiles -> [{"$dnanexus_link":"file-GgyF7P00q9pf0Kq2VqbG80VJ"},{"$dnanexus_link":"file-GgyF7P00q9pQGXZKkKBF5xpP"},{"$dnanexus_link":"file-GgyF7P00q9pyV2qbgYxk30J5"},{"$dnanexus_link":"file-GgyF7P00q9pjQ8VZbpZ8YB6p"}]),DxJob(job-GgyF7480yzZvQ6Gz4yjX26Qg,None)))
2024-03-21 23:26:54 collect_scatter STDERR   Some(ScatterExecution(scatter_task,1,Map(out -> {"___":[[{"$dnanexus_link":"file-GgyF7Z00192vQ6Gz4yjX26Qj"},{"$dnanexus_link":"file-GgyF7Z00192YpXKYZV4b6VJV"}],[{"$dnanexus_link":"file-GgyF7Z00192yKjjkGkk0B9QX"},{"$dnanexus_link":"file-GgyF7Z00192QkYZvXgJ7v9yk"}]]}, out___dxfiles -> [{"$dnanexus_link":"file-GgyF7Z00192vQ6Gz4yjX26Qj"},{"$dnanexus_link":"file-GgyF7Z00192YpXKYZV4b6VJV"},{"$dnanexus_link":"file-GgyF7Z00192yKjjkGkk0B9QX"},{"$dnanexus_link":"file-GgyF7Z00192QkYZvXgJ7v9yk"}]),DxJob(job-GgyF7480yzZQGXZKkKBF5xpJ,None)))
2024-03-21 23:26:54 collect_scatter STDERR   Some(ScatterExecution(scatter_task,2,Map(out -> {"___":[[{"$dnanexus_link":"file-GgyF7yQ0fxXQXyB5Qq5bgJvk"},{"$dnanexus_link":"file-GgyF7yQ0fxXgxk6x51YvJ5gf"}],[{"$dnanexus_link":"file-GgyF7yQ0fxXyKjjkGkk0B9QZ"},{"$dnanexus_link":"file-GgyF7yQ0fxXyV2qbgYxk30J7"}]]}, out___dxfiles -> [{"$dnanexus_link":"file-GgyF7yQ0fxXQXyB5Qq5bgJvk"},{"$dnanexus_link":"file-GgyF7yQ0fxXgxk6x51YvJ5gf"},{"$dnanexus_link":"file-GgyF7yQ0fxXyKjjkGkk0B9QZ"},{"$dnanexus_link":"file-GgyF7yQ0fxXyV2qbgYxk30J7"}]),DxJob(job-GgyF7480yzZx14fYK83FGJbF,None)))
2024-03-21 23:26:54 collect_scatter STDERR ============= flatOuts ============= Vector(DxFile(file-GgyF7P00q9pf0Kq2VqbG80VJ,None), DxFile(file-GgyF7P00q9pQGXZKkKBF5xpP,None), DxFile(file-GgyF7P00q9pyV2qbgYxk30J5,None), DxFile(file-GgyF7P00q9pjQ8VZbpZ8YB6p,None), DxFile(file-GgyF7P00q9pf0Kq2VqbG80VJ,None), DxFile(file-GgyF7P00q9pQGXZKkKBF5xpP,None), DxFile(file-GgyF7P00q9pyV2qbgYxk30J5,None), DxFile(file-GgyF7P00q9pjQ8VZbpZ8YB6p,None), DxFile(file-GgyF7Z00192vQ6Gz4yjX26Qj,None), DxFile(file-GgyF7Z00192YpXKYZV4b6VJV,None), DxFile(file-GgyF7Z00192yKjjkGkk0B9QX,None), DxFile(file-GgyF7Z00192QkYZvXgJ7v9yk,None), DxFile(file-GgyF7Z00192vQ6Gz4yjX26Qj,None), DxFile(file-GgyF7Z00192YpXKYZV4b6VJV,None), DxFile(file-GgyF7Z00192yKjjkGkk0B9QX,None), DxFile(file-GgyF7Z00192QkYZvXgJ7v9yk,None), DxFile(file-GgyF7yQ0fxXQXyB5Qq5bgJvk,None), DxFile(file-GgyF7yQ0fxXgxk6x51YvJ5gf,None), DxFile(file-GgyF7yQ0fxXyKjjkGkk0B9QZ,None), DxFile(file-GgyF7yQ0fxXyV2qbgYxk30J7,None), DxFile(file-GgyF7yQ0fxXQXyB5Qq5bgJvk,None), DxFile(file-GgyF7yQ0fxXgxk6x51YvJ5gf,None), DxFile(file-GgyF7yQ0fxXyKjjkGkk0B9QZ,None), DxFile(file-GgyF7yQ0fxXyV2qbgYxk30J7,None))
2024-03-21 23:26:54 collect_scatter STDERR Bulk describing 12 unique file ids
2024-03-21 23:26:54 collect_scatter STDERR Successfully bulk described 12 files
2024-03-21 23:26:54 collect_scatter STDERR Scatter outputs:
2024-03-21 23:26:54 collect_scatter STDERR   scatter_task.out -> (TArray(TArray(TArray(TFile,false),false),false),VArray(Vector(VArray(Vector(VArray(Vector(VFile(dx://file-GgyF7P00q9pf0Kq2VqbG80VJ::/nested_array_result_0_1.txt,None,None,None,None,Vector(),None,None), VFile(dx://file-GgyF7P00q9pQGXZKkKBF5xpP::/nested_array_result_0_2.txt,None,None,None,None,Vector(),None,None))), VArray(Vector(VFile(dx://file-GgyF7P00q9pyV2qbgYxk30J5::/nested_array_result_0_3.txt,None,None,None,None,Vector(),None,None), VFile(dx://file-GgyF7P00q9pjQ8VZbpZ8YB6p::/nested_array_result_0_4.txt,None,None,None,None,Vector(),None,None))))), VArray(Vector(VArray(Vector(VFile(dx://file-GgyF7Z00192vQ6Gz4yjX26Qj::/nested_array_result_1_1.txt,None,None,None,None,Vector(),None,None), VFile(dx://file-GgyF7Z00192YpXKYZV4b6VJV::/nested_array_result_1_2.txt,None,None,None,None,Vector(),None,None))), VArray(Vector(VFile(dx://file-GgyF7Z00192yKjjkGkk0B9QX::/nested_array_result_1_3.txt,None,None,None,None,Vector(),None,None), VFile(dx://file-GgyF7Z00192QkYZvXgJ7v9yk::/nested_array_result_1_4.txt,None,None,None,None,Vector(),None,None))))), VArray(Vector(VArray(Vector(VFile(dx://file-GgyF7yQ0fxXQXyB5Qq5bgJvk::/nested_array_result_2_1.txt,None,None,None,None,Vector(),None,None), VFile(dx://file-GgyF7yQ0fxXgxk6x51YvJ5gf::/nested_array_result_2_2.txt,None,None,None,None,Vector(),None,None))), VArray(Vector(VFile(dx://file-GgyF7yQ0fxXyKjjkGkk0B9QZ::/nested_array_result_2_3.txt,None,None,None,None,Vector(),None,None), VFile(dx://file-GgyF7yQ0fxXyV2qbgYxk30J7::/nested_array_result_2_4.txt,None,None,None,None,Vector(),None,None))))))))
2024-03-21 23:26:54 collect_scatter STDERR prepareBlockOutputs
2024-03-21 23:26:54 collect_scatter STDERR   env = Set(input_string, n)
2024-03-21 23:26:54 collect_scatter STDERR   fragResults = Set(scatter_task.out)
2024-03-21 23:26:54 collect_scatter STDERR   exportedVars = Set(scatter_task.out)
2024-03-21 23:26:54 collect_scatter STDERR 
2024-03-21 23:26:54 collect_scatter STDERR outputLinks:
2024-03-21 23:26:54 collect_scatter STDERR   scatter_task.out -> ParameterLinkValue([[[{"$dnanexus_link":"file-GgyF7P00q9pf0Kq2VqbG80VJ"},{"$dnanexus_link":"file-GgyF7P00q9pQGXZKkKBF5xpP"}],[{"$dnanexus_link":"file-GgyF7P00q9pyV2qbgYxk30J5"},{"$dnanexus_link":"file-GgyF7P00q9pjQ8VZbpZ8YB6p"}]],[[{"$dnanexus_link":"file-GgyF7Z00192vQ6Gz4yjX26Qj"},{"$dnanexus_link":"file-GgyF7Z00192YpXKYZV4b6VJV"}],[{"$dnanexus_link":"file-GgyF7Z00192yKjjkGkk0B9QX"},{"$dnanexus_link":"file-GgyF7Z00192QkYZvXgJ7v9yk"}]],[[{"$dnanexus_link":"file-GgyF7yQ0fxXQXyB5Qq5bgJvk"},{"$dnanexus_link":"file-GgyF7yQ0fxXgxk6x51YvJ5gf"}],[{"$dnanexus_link":"file-GgyF7yQ0fxXyKjjkGkk0B9QZ"},{"$dnanexus_link":"file-GgyF7yQ0fxXyV2qbgYxk30J7"}]]],TArray(TArray(TArray(TFile,false),false),false))
2024-03-21 23:26:54 collect_scatter STDOUT success Collect
collect_scatter (scatter_collect_nested_array_frag_stage-0:collect) (done) job-GgyF7480yzZkVGG7xK3YYzYY
rnathans 2024-03-21 23:24:17 (runtime 0:00:39)
Output: scatter_task___out = { ___: [ [ [ file-GgyF7P00q9pf0Kq2VqbG80VJ,
         file-GgyF7P00q9pQGXZKkKBF5xpP ], [ file-GgyF7P00q9pyV2qbgYxk30J5,
         file-GgyF7P00q9pjQ8VZbpZ8YB6p ] ], [ [ file-GgyF7Z00192vQ6Gz4yjX26Qj,
         file-GgyF7Z00192YpXKYZV4b6VJV ], [ file-GgyF7Z00192yKjjkGkk0B9QX,
         file-GgyF7Z00192QkYZvXgJ7v9yk ] ], [ [ file-GgyF7yQ0fxXQXyB5Qq5bgJvk,
         file-GgyF7yQ0fxXgxk6x51YvJ5gf ], [ file-GgyF7yQ0fxXyKjjkGkk0B9QZ,
         file-GgyF7yQ0fxXyV2qbgYxk30J7 ] ] ] }
        scatter_task___out___dxfiles = [ file-GgyF7P00q9pf0Kq2VqbG80VJ,
         file-GgyF7P00q9pQGXZKkKBF5xpP, file-GgyF7P00q9pyV2qbgYxk30J5,
         file-GgyF7P00q9pjQ8VZbpZ8YB6p, file-GgyF7Z00192vQ6Gz4yjX26Qj,
         file-GgyF7Z00192YpXKYZV4b6VJV, file-GgyF7Z00192yKjjkGkk0B9QX,
         file-GgyF7Z00192QkYZvXgJ7v9yk, file-GgyF7yQ0fxXQXyB5Qq5bgJvk,
         file-GgyF7yQ0fxXgxk6x51YvJ5gf, file-GgyF7yQ0fxXyKjjkGkk0B9QZ,
         file-GgyF7yQ0fxXyV2qbgYxk30J7 ]
