collect_scatter (scatter_collect_no_glob_frag_stage-0:collect) (done) job-Ggy58y80yzZkX2YPfZGz0f8B
rnathans 2024-03-21 16:38:33 (runtime 0:00:38)
2024-03-21 16:40:39 collect_scatter INFO Logging initialized (priority)
2024-03-21 16:40:39 collect_scatter INFO Logging initialized (bulk)
2024-03-21 16:40:44 collect_scatter INFO Skipping dependency scatter_task because it is inactive in stage (function) collect
2024-03-21 16:40:44 collect_scatter INFO Downloading bundled file dxWDLrt.tar.gz
2024-03-21 16:40:47 collect_scatter STDOUT >>> Unpacking dxWDLrt.tar.gz to /
2024-03-21 16:40:47 collect_scatter STDERR tar: Removing leading `/' from member names
2024-03-21 16:40:54 collect_scatter INFO Setting SSH public key
2024-03-21 16:40:59 collect_scatter STDOUT dxpy/0.371.0 (Linux-5.15.0-1055-aws-x86_64-with-glibc2.29) Python/3.8.10
2024-03-21 16:41:00 collect_scatter STDOUT bash running (job ID job-Ggy58y80yzZkX2YPfZGz0f8B)
2024-03-21 16:41:00 collect_scatter STDOUT Skipping bash variables for dxCompiler
2024-03-21 16:41:00 collect_scatter STDERR Creating JobMeta: rootDir /home/dnanexus, waitOnUpload: false
2024-03-21 16:41:01 collect_scatter STDERR Creating WorkflowExecutor: separateOutputs false, waitOnUpload false
2024-03-21 16:41:01 collect_scatter STDERR Creating FileSourceResolver localDirectories = /home/dnanexus/work
2024-03-21 16:41:01 collect_scatter STDERR Discovering all files in the input values
2024-03-21 16:41:01 collect_scatter STDERR Loading raw JSON input from /home/dnanexus/job_input.json
2024-03-21 16:41:01 collect_scatter STDERR Raw inputs:
2024-03-21 16:41:01 collect_scatter STDERR {
2024-03-21 16:41:01 collect_scatter STDERR   "input_string": "uuuuuuuuuu",
2024-03-21 16:41:01 collect_scatter STDERR   "n": 3
2024-03-21 16:41:01 collect_scatter STDERR }
2024-03-21 16:41:01 collect_scatter STDERR No overrides
2024-03-21 16:41:02 collect_scatter STDERR dxCompiler version: 2.11.6-SNAPSHOT
2024-03-21 16:41:02 collect_scatter STDERR Executable links: Map(scatter_task -> ExecutableLink(scatter_task,Map(index -> TInt, input_string -> TString),Map(out -> TArray(TFile,false)),DxApplet(applet-Ggy56Zj0yzZjPZ6VXxFjq366,None)))
2024-03-21 16:41:02 collect_scatter STDERR Environment: Map(input_string -> (TString,VString(uuuuuuuuuu)), n -> (TInt,VInt(3)))
2024-03-21 16:41:02 collect_scatter STDERR Block Vector(0) to execute:
2024-03-21 16:41:02 collect_scatter STDERR Block(0, ScatterOneCall)
2024-03-21 16:41:02 collect_scatter STDERR   Inputs: Vector(Int n, String input_string, Int i)
2024-03-21 16:41:02 collect_scatter STDERR   Outputs: Vector(Array[Array[File]] scatter_task.out)
2024-03-21 16:41:02 collect_scatter STDERR   Body:
2024-03-21 16:41:02 collect_scatter STDERR     scatter (i in range(n)) {
2024-03-21 16:41:02 collect_scatter STDERR       call scatter_task { input: input_string = input_string,index = i }
2024-03-21 16:41:02 collect_scatter STDERR     }
2024-03-21 16:41:02 collect_scatter STDERR 
2024-03-21 16:41:02 collect_scatter STDERR Env:
2024-03-21 16:41:02 collect_scatter STDERR   input_string: String uuuuuuuuuu
2024-03-21 16:41:02 collect_scatter STDERR   n: Int 3
2024-03-21 16:41:02 collect_scatter STDERR 
2024-03-21 16:41:02 collect_scatter STDERR 
2024-03-21 16:41:02 collect_scatter STDERR Scatter job results:
2024-03-21 16:41:02 collect_scatter STDERR   Some(ScatterExecution(scatter_task,0,Map(out -> [{"$dnanexus_link":"file-Ggy598Q0ZF9kfzFvGXFZqFBb"}]),DxJob(job-Ggy58y00yzZpq1j2KzqFb4k9,None)))
2024-03-21 16:41:02 collect_scatter STDERR   Some(ScatterExecution(scatter_task,1,Map(out -> [{"$dnanexus_link":"file-Ggy59Kj0G37kX2YPfZGz0f8F"}]),DxJob(job-Ggy58y00yzZVBy0gg55Z0vFj,None)))
2024-03-21 16:41:02 collect_scatter STDERR   Some(ScatterExecution(scatter_task,2,Map(out -> [{"$dnanexus_link":"file-Ggy59fj0QJvGbfPyzXvBqxGF"}]),DxJob(job-Ggy58y80yzZkfzFvGXFZqFBY,None)))
2024-03-21 16:41:02 collect_scatter STDERR ============= flatOuts ============= Vector(DxFile(file-Ggy598Q0ZF9kfzFvGXFZqFBb,None), DxFile(file-Ggy59Kj0G37kX2YPfZGz0f8F,None), DxFile(file-Ggy59fj0QJvGbfPyzXvBqxGF,None))
2024-03-21 16:41:02 collect_scatter STDERR Bulk describing 3 files
2024-03-21 16:41:02 collect_scatter STDERR Successfully described 3 files
2024-03-21 16:41:02 collect_scatter STDERR Scatter outputs:
2024-03-21 16:41:02 collect_scatter STDERR   scatter_task.out -> (TArray(TArray(TFile,false),false),VArray(Vector(VArray(Vector(VFile(dx://file-Ggy598Q0ZF9kfzFvGXFZqFBb::/no_glob_result_0.txt,None,None,None,None,Vector(),None,None))), VArray(Vector(VFile(dx://file-Ggy59Kj0G37kX2YPfZGz0f8F::/no_glob_result_1.txt,None,None,None,None,Vector(),None,None))), VArray(Vector(VFile(dx://file-Ggy59fj0QJvGbfPyzXvBqxGF::/no_glob_result_2.txt,None,None,None,None,Vector(),None,None))))))
2024-03-21 16:41:02 collect_scatter STDERR prepareBlockOutputs
2024-03-21 16:41:02 collect_scatter STDERR   env = Set(input_string, n)
2024-03-21 16:41:02 collect_scatter STDERR   fragResults = Set(scatter_task.out)
2024-03-21 16:41:02 collect_scatter STDERR   exportedVars = Set(scatter_task.out)
2024-03-21 16:41:02 collect_scatter STDERR 
2024-03-21 16:41:02 collect_scatter STDERR outputLinks:
2024-03-21 16:41:02 collect_scatter STDERR   scatter_task.out -> ParameterLinkValue([[{"$dnanexus_link":"file-Ggy598Q0ZF9kfzFvGXFZqFBb"}],[{"$dnanexus_link":"file-Ggy59Kj0G37kX2YPfZGz0f8F"}],[{"$dnanexus_link":"file-Ggy59fj0QJvGbfPyzXvBqxGF"}]],TArray(TArray(TFile,false),false))
2024-03-21 16:41:02 collect_scatter STDOUT success Collect
collect_scatter (scatter_collect_no_glob_frag_stage-0:collect) (done) job-Ggy58y80yzZkX2YPfZGz0f8B
rnathans 2024-03-21 16:38:33 (runtime 0:00:38)
Output: scatter_task___out = { ___: [ [ file-Ggy598Q0ZF9kfzFvGXFZqFBb ], [
         file-Ggy59Kj0G37kX2YPfZGz0f8F ], [ file-Ggy59fj0QJvGbfPyzXvBqxGF ] ]
         }
        scatter_task___out___dxfiles = [ file-Ggy598Q0ZF9kfzFvGXFZqFBb,
         file-Ggy59Kj0G37kX2YPfZGz0f8F, file-Ggy59fj0QJvGbfPyzXvBqxGF ]
