collect_scatter (scatter_collect_nested_struct_frag_stage-0:collect) (done) job-GgyFbBj0yzZQ2jz254XPV368
rnathans 2024-03-21 23:54:35 (runtime 0:00:39)
2024-03-21 23:55:45 collect_scatter INFO Logging initialized (priority)
2024-03-21 23:55:45 collect_scatter INFO Logging initialized (bulk)
2024-03-21 23:55:49 collect_scatter INFO Skipping dependency scatter_task because it is inactive in stage (function) collect
2024-03-21 23:55:49 collect_scatter INFO Downloading bundled file dxWDLrt.tar.gz
2024-03-21 23:55:52 collect_scatter STDOUT >>> Unpacking dxWDLrt.tar.gz to /
2024-03-21 23:55:52 collect_scatter STDERR tar: Removing leading `/' from member names
2024-03-21 23:55:56 collect_scatter INFO Setting SSH public key
2024-03-21 23:56:06 collect_scatter STDOUT dxpy/0.371.0 (Linux-5.15.0-1055-aws-x86_64-with-glibc2.29) Python/3.8.10
2024-03-21 23:56:07 collect_scatter STDOUT bash running (job ID job-GgyFbBj0yzZQ2jz254XPV368)
2024-03-21 23:56:07 collect_scatter STDOUT Skipping bash variables for dxCompiler
2024-03-21 23:56:07 collect_scatter STDERR Creating JobMeta: rootDir /home/dnanexus, waitOnUpload: false
2024-03-21 23:56:07 collect_scatter STDERR Creating WorkflowExecutor: separateOutputs false, waitOnUpload false
2024-03-21 23:56:08 collect_scatter STDERR Creating FileSourceResolver localDirectories = /home/dnanexus/work
2024-03-21 23:56:08 collect_scatter STDERR Discovering all files in the input values
2024-03-21 23:56:08 collect_scatter STDERR Loading raw JSON input from /home/dnanexus/job_input.json
2024-03-21 23:56:08 collect_scatter STDERR Raw inputs:
2024-03-21 23:56:08 collect_scatter STDERR {
2024-03-21 23:56:08 collect_scatter STDERR   "input_string": "jjjjjjjjjjjjjjj",
2024-03-21 23:56:08 collect_scatter STDERR   "n": 3
2024-03-21 23:56:08 collect_scatter STDERR }
2024-03-21 23:56:08 collect_scatter STDERR No overrides
2024-03-21 23:56:09 collect_scatter STDERR dxCompiler version: 2.11.6-SNAPSHOT
2024-03-21 23:56:09 collect_scatter STDERR Executable links: Map(scatter_task -> ExecutableLink(scatter_task,Map(index -> TInt, input_string -> TString),Map(out -> TSchema(OuterStruct,TreeSeqMap(fileField -> TFile, structField -> TSchema(InnerStruct,TreeSeqMap(fileField -> TFile))))),DxApplet(applet-GgyFZGj0yzZjv802fkvPxPpZ,None)))
2024-03-21 23:56:09 collect_scatter STDERR Environment: Map(input_string -> (TString,VString(jjjjjjjjjjjjjjj)), n -> (TInt,VInt(3)))
2024-03-21 23:56:09 collect_scatter STDERR Block Vector(0) to execute:
2024-03-21 23:56:09 collect_scatter STDERR Block(0, ScatterOneCall)
2024-03-21 23:56:09 collect_scatter STDERR   Inputs: Vector(Int n, String input_string, Int i)
2024-03-21 23:56:09 collect_scatter STDERR   Outputs: Vector(Array[Struct(OuterStruct)] scatter_task.out)
2024-03-21 23:56:09 collect_scatter STDERR   Body:
2024-03-21 23:56:09 collect_scatter STDERR     scatter (i in range(n)) {
2024-03-21 23:56:09 collect_scatter STDERR       call scatter_task { input: input_string = input_string,index = i }
2024-03-21 23:56:09 collect_scatter STDERR     }
2024-03-21 23:56:09 collect_scatter STDERR 
2024-03-21 23:56:09 collect_scatter STDERR Env:
2024-03-21 23:56:09 collect_scatter STDERR   input_string: String jjjjjjjjjjjjjjj
2024-03-21 23:56:09 collect_scatter STDERR   n: Int 3
2024-03-21 23:56:09 collect_scatter STDERR 
2024-03-21 23:56:09 collect_scatter STDERR 
2024-03-21 23:56:09 collect_scatter STDERR Scatter job results:
2024-03-21 23:56:09 collect_scatter STDERR   Some(ScatterExecution(scatter_task,0,Map(out -> {"___":{"fileField":{"$dnanexus_link":"file-GgyFbb80vzkQ2jz254XPV36F"},"structField":{"fileField":{"$dnanexus_link":"file-GgyFbb80vzkYpXKYZV4b6VQz"}}}}, out___dxfiles -> [{"$dnanexus_link":"file-GgyFbb80vzkQ2jz254XPV36F"},{"$dnanexus_link":"file-GgyFbb80vzkYpXKYZV4b6VQz"}]),DxJob(job-GgyFbBQ0yzZQ2jz254XPV367,None)))
2024-03-21 23:56:09 collect_scatter STDERR   Some(ScatterExecution(scatter_task,1,Map(out -> {"___":{"fileField":{"$dnanexus_link":"file-GgyFbbj0B9xyV2qbgYxk30Qb"},"structField":{"fileField":{"$dnanexus_link":"file-GgyFbbj0B9xQ2jz254XPV36J"}}}}, out___dxfiles -> [{"$dnanexus_link":"file-GgyFbbj0B9xyV2qbgYxk30Qb"},{"$dnanexus_link":"file-GgyFbbj0B9xQ2jz254XPV36J"}]),DxJob(job-GgyFbBQ0yzZVXXY5k6yv2jfX,None)))
2024-03-21 23:56:09 collect_scatter STDERR   Some(ScatterExecution(scatter_task,2,Map(out -> {"___":{"fileField":{"$dnanexus_link":"file-GgyFbb805Vb1XXY5k6yv2jfb"},"structField":{"fileField":{"$dnanexus_link":"file-GgyFbb805Vb7xk6x51YvJ5pJ"}}}}, out___dxfiles -> [{"$dnanexus_link":"file-GgyFbb805Vb1XXY5k6yv2jfb"},{"$dnanexus_link":"file-GgyFbb805Vb7xk6x51YvJ5pJ"}]),DxJob(job-GgyFbBQ0yzZx14fYK83FGJgk,None)))
2024-03-21 23:56:09 collect_scatter STDERR ============= flatOuts ============= Vector(DxFile(file-GgyFbb80vzkQ2jz254XPV36F,None), DxFile(file-GgyFbb80vzkYpXKYZV4b6VQz,None), DxFile(file-GgyFbb80vzkQ2jz254XPV36F,None), DxFile(file-GgyFbb80vzkYpXKYZV4b6VQz,None), DxFile(file-GgyFbbj0B9xyV2qbgYxk30Qb,None), DxFile(file-GgyFbbj0B9xQ2jz254XPV36J,None), DxFile(file-GgyFbbj0B9xyV2qbgYxk30Qb,None), DxFile(file-GgyFbbj0B9xQ2jz254XPV36J,None), DxFile(file-GgyFbb805Vb1XXY5k6yv2jfb,None), DxFile(file-GgyFbb805Vb7xk6x51YvJ5pJ,None), DxFile(file-GgyFbb805Vb1XXY5k6yv2jfb,None), DxFile(file-GgyFbb805Vb7xk6x51YvJ5pJ,None))
2024-03-21 23:56:09 collect_scatter STDERR Bulk describing 6 unique file ids
2024-03-21 23:56:09 collect_scatter STDERR Successfully bulk described 6 files
2024-03-21 23:56:09 collect_scatter STDERR Scatter outputs:
2024-03-21 23:56:09 collect_scatter STDERR   scatter_task.out -> (TArray(TSchema(OuterStruct,TreeSeqMap(fileField -> TFile, structField -> TSchema(InnerStruct,TreeSeqMap(fileField -> TFile)))),false),VArray(Vector(VHash(TreeSeqMap(fileField -> VFile(dx://file-GgyFbb80vzkQ2jz254XPV36F::/nested_struct_result_0_1.txt,None,None,None,None,Vector(),None,None), structField -> VHash(TreeSeqMap(fileField -> VFile(dx://file-GgyFbb80vzkYpXKYZV4b6VQz::/nested_struct_result_0_2.txt,None,None,None,None,Vector(),None,None))))), VHash(TreeSeqMap(fileField -> VFile(dx://file-GgyFbbj0B9xyV2qbgYxk30Qb::/nested_struct_result_1_1.txt,None,None,None,None,Vector(),None,None), structField -> VHash(TreeSeqMap(fileField -> VFile(dx://file-GgyFbbj0B9xQ2jz254XPV36J::/nested_struct_result_1_2.txt,None,None,None,None,Vector(),None,None))))), VHash(TreeSeqMap(fileField -> VFile(dx://file-GgyFbb805Vb1XXY5k6yv2jfb::/nested_struct_result_2_1.txt,None,None,None,None,Vector(),None,None), structField -> VHash(TreeSeqMap(fileField -> VFile(dx://file-GgyFbb805Vb7xk6x51YvJ5pJ::/nested_struct_result_2_2.txt,None,None,None,None,Vector(),None,None))))))))
2024-03-21 23:56:09 collect_scatter STDERR prepareBlockOutputs
2024-03-21 23:56:09 collect_scatter STDERR   env = Set(input_string, n)
2024-03-21 23:56:09 collect_scatter STDERR   fragResults = Set(scatter_task.out)
2024-03-21 23:56:09 collect_scatter STDERR   exportedVars = Set(scatter_task.out)
2024-03-21 23:56:09 collect_scatter STDERR 
2024-03-21 23:56:09 collect_scatter STDERR outputLinks:
2024-03-21 23:56:09 collect_scatter STDERR   scatter_task.out -> ParameterLinkValue([{"fileField":{"$dnanexus_link":"file-GgyFbb80vzkQ2jz254XPV36F"},"structField":{"fileField":{"$dnanexus_link":"file-GgyFbb80vzkYpXKYZV4b6VQz"}}},{"fileField":{"$dnanexus_link":"file-GgyFbbj0B9xyV2qbgYxk30Qb"},"structField":{"fileField":{"$dnanexus_link":"file-GgyFbbj0B9xQ2jz254XPV36J"}}},{"fileField":{"$dnanexus_link":"file-GgyFbb805Vb1XXY5k6yv2jfb"},"structField":{"fileField":{"$dnanexus_link":"file-GgyFbb805Vb7xk6x51YvJ5pJ"}}}],TArray(TSchema(OuterStruct,TreeSeqMap(fileField -> TFile, structField -> TSchema(InnerStruct,TreeSeqMap(fileField -> TFile)))),false))
2024-03-21 23:56:09 collect_scatter STDOUT success Collect
collect_scatter (scatter_collect_nested_struct_frag_stage-0:collect) (done) job-GgyFbBj0yzZQ2jz254XPV368
rnathans 2024-03-21 23:54:35 (runtime 0:00:39)
Output: scatter_task___out = { ___: [ { fileField: file-GgyFbb80vzkQ2jz254XPV36F,
         structField: { fileField: file-GgyFbb80vzkYpXKYZV4b6VQz } }, {
         fileField: file-GgyFbbj0B9xyV2qbgYxk30Qb, structField: { fileField:
         file-GgyFbbj0B9xQ2jz254XPV36J } }, { fileField:
         file-GgyFbb805Vb1XXY5k6yv2jfb, structField: { fileField:
         file-GgyFbb805Vb7xk6x51YvJ5pJ } } ] }
        scatter_task___out___dxfiles = [ file-GgyFbb80vzkQ2jz254XPV36F,
         file-GgyFbb80vzkYpXKYZV4b6VQz, file-GgyFbbj0B9xyV2qbgYxk30Qb,
         file-GgyFbbj0B9xQ2jz254XPV36J, file-GgyFbb805Vb1XXY5k6yv2jfb,
         file-GgyFbb805Vb7xk6x51YvJ5pJ ]
