collect_scatter (scatter_collect_with_glob_frag_stage-0:collect) (done) job-Ggy5V0Q0yzZjg8KqpXGjjfPP
rnathans 2024-03-21 16:55:46 (runtime 0:01:12)
2024-03-21 16:58:51 collect_scatter INFO Logging initialized (priority)
2024-03-21 16:58:51 collect_scatter INFO Logging initialized (bulk)
2024-03-21 16:58:57 collect_scatter INFO Skipping dependency scatter_task because it is inactive in stage (function) collect
2024-03-21 16:58:57 collect_scatter INFO Downloading bundled file dxWDLrt.tar.gz
2024-03-21 16:59:01 collect_scatter STDOUT >>> Unpacking dxWDLrt.tar.gz to /
2024-03-21 16:59:01 collect_scatter STDERR tar: Removing leading `/' from member names
2024-03-21 16:59:15 collect_scatter INFO Setting SSH public key
2024-03-21 16:59:20 collect_scatter STDOUT dxpy/0.371.0 (Linux-5.15.0-1055-aws-x86_64-with-glibc2.29) Python/3.8.10
2024-03-21 16:59:23 collect_scatter STDOUT bash running (job ID job-Ggy5V0Q0yzZjg8KqpXGjjfPP)
2024-03-21 16:59:23 collect_scatter STDOUT Skipping bash variables for dxCompiler
2024-03-21 16:59:23 collect_scatter STDERR Creating JobMeta: rootDir /home/dnanexus, waitOnUpload: false
2024-03-21 16:59:24 collect_scatter STDERR Creating WorkflowExecutor: separateOutputs false, waitOnUpload false
2024-03-21 16:59:24 collect_scatter STDERR Creating FileSourceResolver localDirectories = /home/dnanexus/work
2024-03-21 16:59:24 collect_scatter STDERR Discovering all files in the input values
2024-03-21 16:59:24 collect_scatter STDERR Loading raw JSON input from /home/dnanexus/job_input.json
2024-03-21 16:59:24 collect_scatter STDERR Raw inputs:
2024-03-21 16:59:24 collect_scatter STDERR {
2024-03-21 16:59:24 collect_scatter STDERR   "input_string": "vvvvvvvvvvv",
2024-03-21 16:59:24 collect_scatter STDERR   "n": 3
2024-03-21 16:59:24 collect_scatter STDERR }
2024-03-21 16:59:24 collect_scatter STDERR No overrides
2024-03-21 16:59:25 collect_scatter STDERR dxCompiler version: 2.11.6-SNAPSHOT
2024-03-21 16:59:25 collect_scatter STDERR Executable links: Map(scatter_task -> ExecutableLink(scatter_task,Map(index -> TInt, input_string -> TString),Map(out -> TArray(TFile,false)),DxApplet(applet-Ggy5Bx80yzZq2Ff39j3709KB,None)))
2024-03-21 16:59:25 collect_scatter STDERR Environment: Map(input_string -> (TString,VString(vvvvvvvvvvv)), n -> (TInt,VInt(3)))
2024-03-21 16:59:25 collect_scatter STDERR Block Vector(0) to execute:
2024-03-21 16:59:25 collect_scatter STDERR Block(0, ScatterOneCall)
2024-03-21 16:59:25 collect_scatter STDERR   Inputs: Vector(Int n, String input_string, Int i)
2024-03-21 16:59:25 collect_scatter STDERR   Outputs: Vector(Array[Array[File]] scatter_task.out)
2024-03-21 16:59:25 collect_scatter STDERR   Body:
2024-03-21 16:59:25 collect_scatter STDERR     scatter (i in range(n)) {
2024-03-21 16:59:25 collect_scatter STDERR       call scatter_task { input: input_string = input_string,index = i }
2024-03-21 16:59:25 collect_scatter STDERR     }
2024-03-21 16:59:25 collect_scatter STDERR 
2024-03-21 16:59:25 collect_scatter STDERR Env:
2024-03-21 16:59:25 collect_scatter STDERR   input_string: String vvvvvvvvvvv
2024-03-21 16:59:25 collect_scatter STDERR   n: Int 3
2024-03-21 16:59:25 collect_scatter STDERR 
2024-03-21 16:59:25 collect_scatter STDERR 
2024-03-21 16:59:25 collect_scatter STDERR Scatter job results:
2024-03-21 16:59:25 collect_scatter STDERR   Some(ScatterExecution(scatter_task,0,Map(out -> [{"$dnanexus_link":"file-Ggy5VG80YggkfzFvGXFZqFF1"},{"$dnanexus_link":"file-Ggy5VG80Yggb2jkVYy5p1gFK"},{"$dnanexus_link":"file-Ggy5VG80YggZ1qqjVxg1bBQp"},{"$dnanexus_link":"file-Ggy5VG80YggfPvyJJf32xq2Y"},{"$dnanexus_link":"file-Ggy5VGQ0YggVjq39227yX4jQ"},{"$dnanexus_link":"file-Ggy5VG80YggVBy0gg55Z0vG3"},{"$dnanexus_link":"file-Ggy5VG80YggkX2YPfZGz0f8X"},{"$dnanexus_link":"file-Ggy5VG80Yggy3fZgJ3fgZv30"},{"$dnanexus_link":"file-Ggy5VGj0Yggy3fZgJ3fgZv32"},{"$dnanexus_link":"file-Ggy5VGj0YggVBy0gg55Z0vG5"},{"$dnanexus_link":"file-Ggy5VGj0YggzK44Gxy8yK9YQ"},{"$dnanexus_link":"file-Ggy5VJ00YggfPvyJJf32xq2b"},{"$dnanexus_link":"file-Ggy5VGj0YggxzGvfFk8FQ0gZ"},{"$dnanexus_link":"file-Ggy5VGj0YggkfzFvGXFZqFF3"},{"$dnanexus_link":"file-Ggy5VJ00YggVjq39227yX4jX"},{"$dnanexus_link":"file-Ggy5VJ00YggQkJj4gYY8014Q"},{"$dnanexus_link":"file-Ggy5VJ00YggvbfPyzXvBqxJ2"},{"$dnanexus_link":"file-Ggy5VJ80YggZ9Jz8xFGQxv1x"},{"$dnanexu...ink":"file-Ggy5X1Q0fQ9xzGvfFk8FQ0jf"},{"$dnanexus_link":"file-Ggy5X1j0fQ9Z9Jz8xFGQxv2j"},{"$dnanexus_link":"file-Ggy5X1j0fQ9fPvyJJf32xq3y"},{"$dnanexus_link":"file-Ggy5X1j0fQ9Z1qqjVxg1bBZf"},{"$dnanexus_link":"file-Ggy5X1j0fQ9Z9Jz8xFGQxv2p"},{"$dnanexus_link":"file-Ggy5X200fQ9Z1qqjVxg1bBZj"},{"$dnanexus_link":"file-Ggy5X200fQ9Z9Jz8xFGQxv2v"},{"$dnanexus_link":"file-Ggy5X200fQ9VBy0gg55Z0vJ0"},{"$dnanexus_link":"file-Ggy5X200fQ9Vjq39227yX4ky"},{"$dnanexus_link":"file-Ggy5X200fQ9xzGvfFk8FQ0jj"},{"$dnanexus_link":"file-Ggy5X280fQ9fPvyJJf32xq40"},{"$dnanexus_link":"file-Ggy5X280fQ9X0gQy4X67193f"},{"$dnanexus_link":"file-Ggy5X280fQ9b2jkVYy5p1gG8"},{"$dnanexus_link":"file-Ggy5X280fQ9fPvyJJf32xq42"},{"$dnanexus_link":"file-Ggy5X2Q0fQ9zK44Gxy8yK9b6"},{"$dnanexus_link":"file-Ggy5X2Q0fQ9fPvyJJf32xq44"},{"$dnanexus_link":"file-Ggy5X2Q0fQ9xzGvfFk8FQ0jp"},{"$dnanexus_link":"file-Ggy5X2Q0fQ9kfzFvGXFZqFFx"},{"$dnanexus_link":"file-Ggy5X2Q0fQ9fPvyJJf32xq46"}]),DxJob(job-Ggy5V0Q0yzZy3fZgJ3fgZv2z,None)))
2024-03-21 16:59:25 collect_scatter STDERR ============= flatOuts ============= Vector(DxFile(file-Ggy5VG80YggkfzFvGXFZqFF1,None), DxFile(file-Ggy5VG80Yggb2jkVYy5p1gFK,None), DxFile(file-Ggy5VG80YggZ1qqjVxg1bBQp,None), DxFile(file-Ggy5VG80YggfPvyJJf32xq2Y,None), DxFile(file-Ggy5VGQ0YggVjq39227yX4jQ,None), DxFile(file-Ggy5VG80YggVBy0gg55Z0vG3,None), DxFile(file-Ggy5VG80YggkX2YPfZGz0f8X,None), DxFile(file-Ggy5VG80Yggy3fZgJ3fgZv30,None), DxFile(file-Ggy5VGj0Yggy3fZgJ3fgZv32,None), DxFile(file-Ggy5VGj0YggVBy0gg55Z0vG5,None), DxFile(file-Ggy5VGj0YggzK44Gxy8yK9YQ,None), DxFile(file-Ggy5VJ00YggfPvyJJf32xq2b,None), DxFile(file-Ggy5VGj0YggxzGvfFk8FQ0gZ,None), DxFile(file-Ggy5VGj0YggkfzFvGXFZqFF3,None), DxFile(file-Ggy5VJ00YggVjq39227yX4jX,None), DxFile(file-Ggy5VJ00YggQkJj4gYY8014Q,None), DxFile(file-Ggy5VJ00YggvbfPyzXvBqxJ2,None), DxFile(file-Ggy5VJ80YggZ9Jz8xFGQxv1x,None), DxFile(file-Ggy5VJ80YggVBy0gg55Z0vG7,None), DxFile(file-Ggy5VJ80YggkfzFvGXFZqFF5,None), DxFile(file-Ggy5VJ80YggvbfPyzXvBqxJ4,None), DxFile(file-Ggy5VJ80Yggpq1j2KzqFb4kQ,None), DxFile(file-Ggy5VJQ0Yggjg8KqpXGjjfPQ,None), DxFile(file-Ggy5VJ80YggZ1qqjVxg1bBQv,None), DxFile(file-Ggy5VJQ0YggVBy0gg55Z0vG9,None), DxFile(file-Ggy5VJj0YggVBy0gg55Z0vGF,None), DxFile(file-Ggy5VJj0YggzK44Gxy8yK9YX,None), DxFile(file-Ggy5VJj0YggZ1qqjVxg1bBQy,None), DxFile(file-Ggy5VJj0YggVjq39227yX4jZ,None), DxFile(file-Ggy5VJj0YggZ9Jz8xFGQxv1z,None), DxFile(file-Ggy5VJj0YggX0gQy4X67192J,None), DxFile(file-Ggy5VJj0Yggy3fZgJ3fgZv34,None), DxFile(file-Ggy5VJj0Yggpq1j2KzqFb4kX,None), DxFile(file-Ggy5VK00YggkX2YPfZGz0f8Z,None), DxFile(file-Ggy5VK00YggX0gQy4X67192P,None), DxFile(file-Ggy5VK00Yggjg8KqpXGjjfPX,None), DxFile(file-Ggy5VK80YggVjq39227yX4jf,None), DxFile(file-Ggy5VK80YggfPvyJJf32xq2g,None), DxFile(file-Ggy5VK80YggZ1qqjVxg1bBV0,None), DxFile(file-Ggy5VK80YggvbfPyzXvBqxJ6,None), DxFile(file-Ggy5VK80Yggjg8KqpXGjjfPZ,None), DxFile(file-Ggy5VK80YggfPvyJJf32xq2k,None), DxFile(file-Ggy5VKQ0YggzK44Gxy8yK9YZ,None), DxFile(file-Ggy5VKQ0Yggy3fZgJ3fgZv36,None), DxFile(file-Ggy5VKQ0YggQkJj4gYY8014X,None), DxFile(file-Ggy5VKQ0YggzK44Gxy8yK9Yf,None), DxFile(file-Ggy5VKQ0YggkfzFvGXFZqFF7,None), DxFile(file-Ggy5VKQ0YggVjq39227yX4jj,None), DxFile(file-Ggy5VKQ0Yggjg8KqpXGjjfPf,None), DxFile(file-Ggy5VKj0YggkX2YPfZGz0f8f,None), DxFile(file-Ggy5VKj0Yggy3fZgJ3fgZv38,None), DxFile(file-Ggy5VKj0YggX0gQy4X67192V,None), DxFile(file-Ggy5VP00YggkX2YPfZGz0f8j,None), DxFile(file-Ggy5VP00YggzK44Gxy8yK9Yj,None), DxFile(file-Ggy5VP00Yggb2jkVYy5p1gFQ,None), DxFile(file-Ggy5VP00Yggpq1j2KzqFb4kZ,None), DxFile(file-Ggy5VP00YggZ1qqjVxg1bBV2,None), DxFile(file-Ggy5VP00YggVjq39227yX4jp,None), DxFile(file-Ggy5VP00YggQkJj4gYY8014Z,None), DxFile(file-Ggy5VP80Yggpq1j2KzqFb4kf,None), DxFile(file-Ggy5VP80YggzK44Gxy8yK9Yp,None), DxFile(file-Ggy5VP80YggvbfPyzXvBqxJ8,None), DxFile(file-Ggy5VP80YggX0gQy4X67192Y,None), DxFile(file-Ggy5VPQ0YggkfzFvGXFZqFF9,None), DxFile(file-Ggy5VPQ0YggkX2YPfZGz0f8p,None), DxFile(file-Ggy5VPQ0YggvbfPyzXvBqxJB,None), DxFile(file-Ggy5VPQ0Yggy3fZgJ3fgZv3B,None), DxFile(file-Ggy5VPQ0Yggpq1j2KzqFb4kj,None), DxFile(file-Ggy5VPQ0YggX0gQy4X67192b,None), DxFile(file-Ggy5VPj0YggVjq39227yX4jv,None), DxFile(file-Ggy5VPj0YggQkJj4gYY8014f,None), DxFile(file-Ggy5VPj0YggZ1qqjVxg1bBV4,None), DxFile(file-Ggy5VPj0Yggpq1j2KzqFb4kp,None), DxFile(file-Ggy5VPj0YggZ9Jz8xFGQxv21,None), DxFile(file-Ggy5VQ00YggZ1qqjVxg1bBV6,None), DxFile(file-Ggy5VQ00Yggpq1j2KzqFb4kv,None), DxFile(file-Ggy5VQ00Yggjg8KqpXGjjfPj,None), DxFile(file-Ggy5VQ80YggQkJj4gYY8014j,None), DxFile(file-Ggy5VQ80YggZ9Jz8xFGQxv23,None), DxFile(file-Ggy5VQ80YggQkJj4gYY8014p,None), DxFile(file-Ggy5VQ80YggVBy0gg55Z0vGJ,None), DxFile(file-Ggy5VQ80YggQkJj4gYY8014v,None), DxFile(file-Ggy5VQ80YggzK44Gxy8yK9Yv,None), DxFile(file-Ggy5VQ80Yggjg8KqpXGjjfPp,None), DxFile(file-Ggy5VQ80Yggb2jkVYy5p1gFX,None), DxFile(file-Ggy5VQQ0YggVBy0gg55Z0vGP,None), DxFile(file-Ggy5VQQ0Yggjg8KqpXGjjfPv,None), DxFile(file-Ggy5VQQ0YggkfzFvGXFZqFFF,None), DxFile(file-Ggy5VQQ0Yggpq1j2KzqFb4ky,None), DxFile(file-Ggy5VQj0YggQkJj4gYY8014y,None), DxFile(file-Ggy5VQj0YggkX2YPfZGz0f8v,None), DxFile(file-Ggy5VQj0Yggjg8KqpXGjjfPy,None), DxFile(file-Ggy5VQj0YggZ1qqjVxg1bBV8,None), DxFile(file-Ggy5VQj0YggVjq39227yX4jy,None), DxFile(file-Ggy5VV00Yggy3fZgJ3fgZv3G,None), DxFile(file-Ggy5VV00YggkX2YPfZGz0f8y,None), DxFile(file-Ggy5VV00YggzK44Gxy8yK9Yy,None), DxFile(file-Ggy5VV00YggkX2YPfZGz0f90,None), DxFile(file-Ggy5VV00YggzK44Gxy8yK9Z0,None), DxFile(file-Ggy5VV00YggQkJj4gYY80150,None), DxFile(file-Ggy5VVQ05kxb2jkVYy5p1gFZ,None), DxFile(file-Ggy5VVQ05kxfPvyJJf32xq2v,None), DxFile(file-Ggy5VVQ05kxX0gQy4X67192g,None), DxFile(file-Ggy5VVQ05kxpq1j2KzqFb4p0,None), DxFile(file-Ggy5VVQ05kxxzGvfFk8FQ0gf,None), DxFile(file-Ggy5VVQ05kxvbfPyzXvBqxJG,None), DxFile(file-Ggy5VVQ05kxzK44Gxy8yK9Z2,None), DxFile(file-Ggy5VVQ05kxZ9Jz8xFGQxv25,None), DxFile(file-Ggy5VVj05kxVBy0gg55Z0vGX,None), DxFile(file-Ggy5VVj05kxZ9Jz8xFGQxv27,None), DxFile(file-Ggy5VVj05kxpq1j2KzqFb4p2,None), DxFile(file-Ggy5VVj05kxX0gQy4X67192k,None), DxFile(file-Ggy5VVj05kxxzGvfFk8FQ0gj,None), DxFile(file-Ggy5VVj05kxfPvyJJf32xq2y,None), DxFile(file-Ggy5VVj05kxVBy0gg55Z0vGZ,None), DxFile(file-Ggy5VX005kxVjq39227yX4k0,None), DxFile(file-Ggy5VX005kxVjq39227yX4k2,None), DxFile(file-Ggy5VX805kxxzGvfFk8FQ0gp,None), DxFile(file-Ggy5VX805kxjg8KqpXGjjfQ0,None), DxFile(file-Ggy5VX805kxZ1qqjVxg1bBVB,None), DxFile(file-Ggy5VX805kxkX2YPfZGz0f92,None), DxFile(file-Ggy5VX805kxQkJj4gYY80152,None), DxFile(file-Ggy5VX805kxpq1j2KzqFb4p4,None), DxFile(file-Ggy5VX805kxxzGvfFk8FQ0gv,None), DxFile(file-Ggy5VX805kxQkJj4gYY80154,None), DxFile(file-Ggy5VXQ05kxZ9Jz8xFGQxv29,None), DxFile(file-Ggy5VXQ05kxxzGvfFk8FQ0gy,None), DxFile(file-Ggy5VXj05kxb2jkVYy5p1gFf,None), DxFile(file-Ggy5VXj05kxZ9Jz8xFGQxv2F,None), DxFile(file-Ggy5VXj05kxVjq39227yX4k4,None), DxFile(file-Ggy5VXj05kxkfzFvGXFZqFFJ,None), DxFile(file-Ggy5VXj05kxpq1j2KzqFb4p6,None), DxFile(file-Ggy5VXj05kxVjq39227yX4k6,None), DxFile(file-Ggy5VY005kxVjq39227yX4k8,None), DxFile(file-Ggy5VY005kxX0gQy4X67192v,None), DxFile(file-Ggy5VY005kxzK44Gxy8yK9Z4,None), DxFile(file-Ggy5VY005kxkX2YPfZGz0f94,None), DxFile(file-Ggy5VY005kxfPvyJJf32xq30,None), DxFile(file-Ggy5VY005kxxzGvfFk8FQ0j0,None), DxFile(file-Ggy5VY005kxvbfPyzXvBqxJK,None), DxFile(file-Ggy5VY005kxzK44Gxy8yK9Z6,None), DxFile(file-Ggy5VY805kxb2jkVYy5p1gFj,None), DxFile(file-Ggy5VY805kxkX2YPfZGz0f96,None), DxFile(file-Ggy5VYQ05kxfPvyJJf32xq32,None), DxFile(file-Ggy5VYQ05kxkX2YPfZGz0f98,None), DxFile(file-Ggy5VYQ05kxvbfPyzXvBqxJQ,None), DxFile(file-Ggy5VYQ05kxVjq39227yX4kB,None), DxFile(file-Ggy5VYQ05kxfPvyJJf32xq34,None), DxFile(file-Ggy5VYQ05kxQkJj4gYY80156,None), DxFile(file-Ggy5VYQ05kxZ1qqjVxg1bBVG,None), DxFile(file-Ggy5VYj05kxZ9Jz8xFGQxv2J,None), DxFile(file-Ggy5VYj05kxfPvyJJf32xq36,None), DxFile(file-Ggy5VZ005kxjg8KqpXGjjfQ2,None), DxFile(file-Ggy5VYj05kxpq1j2KzqFb4p8,None), DxFile(file-Ggy5VZ005kxfPvyJJf32xq38,None), DxFile(file-Ggy5VZ005kxQkJj4gYY80158,None), DxFile(file-Ggy5VZ005kxVjq39227yX4kG,None), DxFile(file-Ggy5VZ005kxkfzFvGXFZqFFP,None), DxFile(file-Ggy5VZ005kxfPvyJJf32xq3B,None), DxFile(file-Ggy5VZ805kxb2jkVYy5p1gFp,None), DxFile(file-Ggy5VZ805kxpq1j2KzqFb4pB,None), DxFile(file-Ggy5VZ805kxvbfPyzXvBqxJX,None), DxFile(file-Ggy5VZ805kxkX2YPfZGz0f9B,None), DxFile(file-Ggy5VZ805kxZ1qqjVxg1bBVK,None), DxFile(file-Ggy5VZ805kxb2jkVYy5p1gFv,None), DxFile(file-Ggy5VZQ05kxX0gQy4X67192y,None), DxFile(file-Ggy5VZQ05kxkfzFvGXFZqFFV,None), DxFile(file-Ggy5VZQ05kxkX2YPfZGz0f9G,None), DxFile(file-Ggy5VZj05kxX0gQy4X671930,None), DxFile(file-Ggy5VZj05kxy3fZgJ3fgZv3K,None), DxFile(file-Ggy5VZj05kxpq1j2KzqFb4pG,None), DxFile(file-Ggy5VZj05kxkfzFvGXFZqFFY,None), DxFile(file-Ggy5VZj05kxvbfPyzXvBqxJZ,None), DxFile(file-Ggy5VZj05kxpq1j2KzqFb4pK,None), DxFile(file-Ggy5VZj05kxQkJj4gYY8015B,None), DxFile(file-Ggy5Vb005kxpq1j2KzqFb4pQ,None), DxFile(file-Ggy5Vb005kxy3fZgJ3fgZv3Q,None), DxFile(file-Ggy5Vb005kxjg8KqpXGjjfQ4,None), DxFile(file-Ggy5Vb005kxzK44Gxy8yK9Z8,None), DxFile(file-Ggy5Vb805kxvbfPyzXvBqxJf,None), DxFile(file-Ggy5Vb005kxjg8KqpXGjjf... [truncated]
2024-03-21 16:59:25 collect_scatter STDERR Bulk describing 300 files
2024-03-21 16:59:26 collect_scatter STDERR Successfully described 300 files
2024-03-21 16:59:26 collect_scatter STDERR Scatter outputs:
2024-03-21 16:59:26 collect_scatter STDERR   scatter_task.out -> (TArray(TArray(TFile,false),false),VArray(Vector(VArray(Vector(VFile(dx://file-Ggy5VG80YggkfzFvGXFZqFF1::/glob_result_0_0.txt,None,None,None,None,Vector(),None,None), VFile(dx://file-Ggy5VG80Yggb2jkVYy5p1gFK::/glob_result_0_1.txt,None,None,None,None,Vector(),None,None), VFile(dx://file-Ggy5VG80YggZ1qqjVxg1bBQp::/glob_result_0_10.txt,None,None,None,None,Vector(),None,None), VFile(dx://file-Ggy5VG80YggfPvyJJf32xq2Y::/glob_result_0_11.txt,None,None,None,None,Vector(),None,None), VFile(dx://file-Ggy5VGQ0YggVjq39227yX4jQ::/glob_result_0_12.txt,None,None,None,None,Vector(),None,None), VFile(dx://file-Ggy5VG80YggVBy0gg55Z0vG3::/glob_result_0_13.txt,None,None,None,None,Vector(),None,None), VFile(dx://file-Ggy5VG80YggkX2YPfZGz0f8X::/glob_result_0_14.txt,None,None,None,None,Vector(),None,None), VFile(dx://file-Ggy5VG80Yggy3fZgJ3fgZv30::/glob_result_0_15.txt,None,None,None,None,Vector(),None,None), VFile(dx://file-Ggy5VGj0Yggy3fZgJ3fgZv32::/glob_result_0_16....t_2_90.txt,None,None,None,None,Vector(),None,None), VFile(dx://file-Ggy5X280fQ9fPvyJJf32xq40::/glob_result_2_91.txt,None,None,None,None,Vector(),None,None), VFile(dx://file-Ggy5X280fQ9X0gQy4X67193f::/glob_result_2_92.txt,None,None,None,None,Vector(),None,None), VFile(dx://file-Ggy5X280fQ9b2jkVYy5p1gG8::/glob_result_2_93.txt,None,None,None,None,Vector(),None,None), VFile(dx://file-Ggy5X280fQ9fPvyJJf32xq42::/glob_result_2_94.txt,None,None,None,None,Vector(),None,None), VFile(dx://file-Ggy5X2Q0fQ9zK44Gxy8yK9b6::/glob_result_2_95.txt,None,None,None,None,Vector(),None,None), VFile(dx://file-Ggy5X2Q0fQ9fPvyJJf32xq44::/glob_result_2_96.txt,None,None,None,None,Vector(),None,None), VFile(dx://file-Ggy5X2Q0fQ9xzGvfFk8FQ0jp::/glob_result_2_97.txt,None,None,None,None,Vector(),None,None), VFile(dx://file-Ggy5X2Q0fQ9kfzFvGXFZqFFx::/glob_result_2_98.txt,None,None,None,None,Vector(),None,None), VFile(dx://file-Ggy5X2Q0fQ9fPvyJJf32xq46::/glob_result_2_99.txt,None,None,None,None,Vector(),None,None))))))
2024-03-21 16:59:26 collect_scatter STDERR prepareBlockOutputs
2024-03-21 16:59:26 collect_scatter STDERR   env = Set(input_string, n)
2024-03-21 16:59:26 collect_scatter STDERR   fragResults = Set(scatter_task.out)
2024-03-21 16:59:26 collect_scatter STDERR   exportedVars = Set(scatter_task.out)
2024-03-21 16:59:26 collect_scatter STDERR 
2024-03-21 16:59:26 collect_scatter STDERR outputLinks:
2024-03-21 16:59:26 collect_scatter STDERR   scatter_task.out -> ParameterLinkValue([[{"$dnanexus_link":"file-Ggy5VG80YggkfzFvGXFZqFF1"},{"$dnanexus_link":"file-Ggy5VG80Yggb2jkVYy5p1gFK"},{"$dnanexus_link":"file-Ggy5VG80YggZ1qqjVxg1bBQp"},{"$dnanexus_link":"file-Ggy5VG80YggfPvyJJf32xq2Y"},{"$dnanexus_link":"file-Ggy5VGQ0YggVjq39227yX4jQ"},{"$dnanexus_link":"file-Ggy5VG80YggVBy0gg55Z0vG3"},{"$dnanexus_link":"file-Ggy5VG80YggkX2YPfZGz0f8X"},{"$dnanexus_link":"file-Ggy5VG80Yggy3fZgJ3fgZv30"},{"$dnanexus_link":"file-Ggy5VGj0Yggy3fZgJ3fgZv32"},{"$dnanexus_link":"file-Ggy5VGj0YggVBy0gg55Z0vG5"},{"$dnanexus_link":"file-Ggy5VGj0YggzK44Gxy8yK9YQ"},{"$dnanexus_link":"file-Ggy5VJ00YggfPvyJJf32xq2b"},{"$dnanexus_link":"file-Ggy5VGj0YggxzGvfFk8FQ0gZ"},{"$dnanexus_link":"file-Ggy5VGj0YggkfzFvGXFZqFF3"},{"$dnanexus_link":"file-Ggy5VJ00YggVjq39227yX4jX"},{"$dnanexus_link":"file-Ggy5VJ00YggQkJj4gYY8014Q"},{"$dnanexus_link":"file-Ggy5VJ00YggvbfPyzXvBqxJ2"},{"$dnanexus_link":"file-Ggy5VJ80YggZ9Jz8xFGQxv1x"},{"$dnanexus_link":"file-Gg...anexus_link":"file-Ggy5X1Q0fQ9xzGvfFk8FQ0jf"},{"$dnanexus_link":"file-Ggy5X1j0fQ9Z9Jz8xFGQxv2j"},{"$dnanexus_link":"file-Ggy5X1j0fQ9fPvyJJf32xq3y"},{"$dnanexus_link":"file-Ggy5X1j0fQ9Z1qqjVxg1bBZf"},{"$dnanexus_link":"file-Ggy5X1j0fQ9Z9Jz8xFGQxv2p"},{"$dnanexus_link":"file-Ggy5X200fQ9Z1qqjVxg1bBZj"},{"$dnanexus_link":"file-Ggy5X200fQ9Z9Jz8xFGQxv2v"},{"$dnanexus_link":"file-Ggy5X200fQ9VBy0gg55Z0vJ0"},{"$dnanexus_link":"file-Ggy5X200fQ9Vjq39227yX4ky"},{"$dnanexus_link":"file-Ggy5X200fQ9xzGvfFk8FQ0jj"},{"$dnanexus_link":"file-Ggy5X280fQ9fPvyJJf32xq40"},{"$dnanexus_link":"file-Ggy5X280fQ9X0gQy4X67193f"},{"$dnanexus_link":"file-Ggy5X280fQ9b2jkVYy5p1gG8"},{"$dnanexus_link":"file-Ggy5X280fQ9fPvyJJf32xq42"},{"$dnanexus_link":"file-Ggy5X2Q0fQ9zK44Gxy8yK9b6"},{"$dnanexus_link":"file-Ggy5X2Q0fQ9fPvyJJf32xq44"},{"$dnanexus_link":"file-Ggy5X2Q0fQ9xzGvfFk8FQ0jp"},{"$dnanexus_link":"file-Ggy5X2Q0fQ9kfzFvGXFZqFFx"},{"$dnanexus_link":"file-Ggy5X2Q0fQ9fPvyJJf32xq46"}]],TArray(TArray(TFile,false),false))
2024-03-21 16:59:26 collect_scatter STDOUT success Collect
collect_scatter (scatter_collect_with_glob_frag_stage-0:collect) (done) job-Ggy5V0Q0yzZjg8KqpXGjjfPP
rnathans 2024-03-21 16:55:46 (runtime 0:01:12)
Output: scatter_task___out = { ___: [ [ file-Ggy5VG80YggkfzFvGXFZqFF1,
         file-Ggy5VG80Yggb2jkVYy5p1gFK, file-Ggy5VG80YggZ1qqjVxg1bBQp,
         file-Ggy5VG80YggfPvyJJf32xq2Y, file-Ggy5VGQ0YggVjq39227yX4jQ,
         file-Ggy5VG80YggVBy0gg55Z0vG3, file-Ggy5VG80YggkX2YPfZGz0f8X,
         file-Ggy5VG80Yggy3fZgJ3fgZv30, file-Ggy5VGj0Yggy3fZgJ3fgZv32,
         file-Ggy5VGj0YggVBy0gg55Z0vG5, file-Ggy5VGj0YggzK44Gxy8yK9YQ,
         file-Ggy5VJ00YggfPvyJJf32xq2b, file-Ggy5VGj0YggxzGvfFk8FQ0gZ,
         file-Ggy5VGj0YggkfzFvGXFZqFF3, file-Ggy5VJ00YggVjq39227yX4jX,
         file-Ggy5VJ00YggQkJj4gYY8014Q, file-Ggy5VJ00YggvbfPyzXvBqxJ2,
         file-Ggy5VJ80YggZ9Jz8xFGQxv1x, file-Ggy5VJ80YggVBy0gg55Z0vG7,
         file-Ggy5VJ80YggkfzFvGXFZqFF5, file-Ggy5VJ80YggvbfPyzXvBqxJ4,
         file-Ggy5VJ80Yggpq1j2KzqFb4kQ, file-Ggy5VJQ0Yggjg8KqpXGjjfPQ,
         file-Ggy5VJ80YggZ1qqjVxg1bBQv, file-Ggy5VJQ0YggVBy0gg55Z0vG9,
         file-Ggy5VJj0YggVBy0gg55Z0vGF, file-Ggy5VJj0YggzK44Gxy8yK9YX,
         file-Ggy5VJj0YggZ1qqjVxg1bBQy, file-Ggy5VJj0YggVjq39227yX4jZ,
         file-Ggy5VJj0YggZ9Jz8xFGQxv1z, file-Ggy5VJj0YggX0gQy4X67192J,
         file-Ggy5VJj0Yggy3fZgJ3fgZv34, file-Ggy5VJj0Yggpq1j2KzqFb4kX,
         file-Ggy5VK00YggkX2YPfZGz0f8Z, file-Ggy5VK00YggX0gQy4X67192P,
         file-Ggy5VK00Yggjg8KqpXGjjfPX, file-Ggy5VK80YggVjq39227yX4jf,
         file-Ggy5VK80YggfPvyJJf32xq2g, file-Ggy5VK80YggZ1qqjVxg1bBV0,
         file-Ggy5VK80YggvbfPyzXvBqxJ6, file-Ggy5VK80Yggjg8KqpXGjjfPZ,
         file-Ggy5VK80YggfPvyJJf32xq2k, file-Ggy5VKQ0YggzK44Gxy8yK9YZ,
         file-Ggy5VKQ0Yggy3fZgJ3fgZv36, file-Ggy5VKQ0YggQkJj4gYY8014X,
         file-Ggy5VKQ0YggzK44Gxy8yK9Yf, file-Ggy5VKQ0YggkfzFvGXFZqFF7,
         file-Ggy5VKQ0YggVjq39227yX4jj, file-Ggy5VKQ0Yggjg8KqpXGjjfPf,
         file-Ggy5VKj0YggkX2YPfZGz0f8f, file-Ggy5VKj0Yggy3fZgJ3fgZv38,
         file-Ggy5VKj0YggX0gQy4X67192V, file-Ggy5VP00YggkX2YPfZGz0f8j,
         file-Ggy5VP00YggzK44Gxy8yK9Yj, file-Ggy5VP00Yggb2jkVYy5p1gFQ,
         file-Ggy5VP00Yggpq1j2KzqFb4kZ, file-Ggy5VP00YggZ1qqjVxg1bBV2,
         file-Ggy5VP00YggVjq39227yX4jp, file-Ggy5VP00YggQkJj4gYY8014Z,
         file-Ggy5VP80Yggpq1j2KzqFb4kf, file-Ggy5VP80YggzK44Gxy8yK9Yp,
         file-Ggy5VP80YggvbfPyzXvBqxJ8, file-Ggy5VP80YggX0gQy4X67192Y,
         file-Ggy5VPQ0YggkfzFvGXFZqFF9, file-Ggy5VPQ0YggkX2YPfZGz0f8p,
         file-Ggy5VPQ0YggvbfPyzXvBqxJB, file-Ggy5VPQ0Yggy3fZgJ3fgZv3B,
         file-Ggy5VPQ0Yggpq1j2KzqFb4kj, file-Ggy5VPQ0YggX0gQy4X67192b,
         file-Ggy5VPj0YggVjq39227yX4jv, file-Ggy5VPj0YggQkJj4gYY8014f,
         file-Ggy5VPj0YggZ1qqjVxg1bBV4, file-Ggy5VPj0Yggpq1j2KzqFb4kp,
         file-Ggy5VPj0YggZ9Jz8xFGQxv21, file-Ggy5VQ00YggZ1qqjVxg1bBV6,
         file-Ggy5VQ00Yggpq1j2KzqFb4kv, file-Ggy5VQ00Yggjg8KqpXGjjfPj,
         file-Ggy5VQ80YggQkJj4gYY8014j, file-Ggy5VQ80YggZ9Jz8xFGQxv23,
         file-Ggy5VQ80YggQkJj4gYY8014p, file-Ggy5VQ80YggVBy0gg55Z0vGJ,
         file-Ggy5VQ80YggQkJj4gYY8014v, file-Ggy5VQ80YggzK44Gxy8yK9Yv,
         file-Ggy5VQ80Yggjg8KqpXGjjfPp, file-Ggy5VQ80Yggb2jkVYy5p1gFX,
         file-Ggy5VQQ0YggVBy0gg55Z0vGP, file-Ggy5VQQ0Yggjg8KqpXGjjfPv,
         file-Ggy5VQQ0YggkfzFvGXFZqFFF, file-Ggy5VQQ0Yggpq1j2KzqFb4ky,
         file-Ggy5VQj0YggQkJj4gYY8014y, file-Ggy5VQj0YggkX2YPfZGz0f8v,
         file-Ggy5VQj0Yggjg8KqpXGjjfPy, file-Ggy5VQj0YggZ1qqjVxg1bBV8,
         file-Ggy5VQj0YggVjq39227yX4jy, file-Ggy5VV00Yggy3fZgJ3fgZv3G,
         file-Ggy5VV00YggkX2YPfZGz0f8y, file-Ggy5VV00YggzK44Gxy8yK9Yy,
         file-Ggy5VV00YggkX2YPfZGz0f90, file-Ggy5VV00YggzK44Gxy8yK9Z0,
         file-Ggy5VV00YggQkJj4gYY80150 ], [ file-Ggy5VVQ05kxb2jkVYy5p1gFZ,
         file-Ggy5VVQ05kxfPvyJJf32xq2v, file-Ggy5VVQ05kxX0gQy4X67192g,
         file-Ggy5VVQ05kxpq1j2KzqFb4p0, file-Ggy5VVQ05kxxzGvfFk8FQ0gf,
         file-Ggy5VVQ05kxvbfPyzXvBqxJG, file-Ggy5VVQ05kxzK44Gxy8yK9Z2,
         file-Ggy5VVQ05kxZ9Jz8xFGQxv25, file-Ggy5VVj05kxVBy0gg55Z0vGX,
         file-Ggy5VVj05kxZ9Jz8xFGQxv27, file-Ggy5VVj05kxpq1j2KzqFb4p2,
         file-Ggy5VVj05kxX0gQy4X67192k, file-Ggy5VVj05kxxzGvfFk8FQ0gj,
         file-Ggy5VVj05kxfPvyJJf32xq2y, file-Ggy5VVj05kxVBy0gg55Z0vGZ,
         file-Ggy5VX005kxVjq39227yX4k0, file-Ggy5VX005kxVjq39227yX4k2,
         file-Ggy5VX805kxxzGvfFk8FQ0gp, file-Ggy5VX805kxjg8KqpXGjjfQ0,
         file-Ggy5VX805kxZ1qqjVxg1bBVB, file-Ggy5VX805kxkX2YPfZGz0f92,
         file-Ggy5VX805kxQkJj4gYY80152, file-Ggy5VX805kxpq1j2KzqFb4p4,
         file-Ggy5VX805kxxzGvfFk8FQ0gv, file-Ggy5VX805kxQkJj4gYY80154,
         file-Ggy5VXQ05kxZ9Jz8xFGQxv29, file-Ggy5VXQ05kxxzGvfFk8FQ0gy,
         file-Ggy5VXj05kxb2jkVYy5p1gFf, file-Ggy5VXj05kxZ9Jz8xFGQxv2F,
         file-Ggy5VXj05kxVjq39227yX4k4, file-Ggy5VXj05kxkfzFvGXFZqFFJ,
         file-Ggy5VXj05kxpq1j2KzqFb4p6, file-Ggy5VXj05kxVjq39227yX4k6,
         file-Ggy5VY005kxVjq39227yX4k8, file-Ggy5VY005kxX0gQy4X67192v,
         file-Ggy5VY005kxzK44Gxy8yK9Z4, file-Ggy5VY005kxkX2YPfZGz0f94,
         file-Ggy5VY005kxfPvyJJf32xq30, file-Ggy5VY005kxxzGvfFk8FQ0j0,
         file-Ggy5VY005kxvbfPyzXvBqxJK, file-Ggy5VY005kxzK44Gxy8yK9Z6,
         file-Ggy5VY805kxb2jkVYy5p1gFj, file-Ggy5VY805kxkX2YPfZGz0f96,
         file-Ggy5VYQ05kxfPvyJJf32xq32, file-Ggy5VYQ05kxkX2YPfZGz0f98,
         file-Ggy5VYQ05kxvbfPyzXvBqxJQ, file-Ggy5VYQ05kxVjq39227yX4kB,
         file-Ggy5VYQ05kxfPvyJJf32xq34, file-Ggy5VYQ05kxQkJj4gYY80156,
         file-Ggy5VYQ05kxZ1qqjVxg1bBVG, file-Ggy5VYj05kxZ9Jz8xFGQxv2J,
         file-Ggy5VYj05kxfPvyJJf32xq36, file-Ggy5VZ005kxjg8KqpXGjjfQ2,
         file-Ggy5VYj05kxpq1j2KzqFb4p8, file-Ggy5VZ005kxfPvyJJf32xq38,
         file-Ggy5VZ005kxQkJj4gYY80158, file-Ggy5VZ005kxVjq39227yX4kG,
         file-Ggy5VZ005kxkfzFvGXFZqFFP, file-Ggy5VZ005kxfPvyJJf32xq3B,
         file-Ggy5VZ805kxb2jkVYy5p1gFp, file-Ggy5VZ805kxpq1j2KzqFb4pB,
         file-Ggy5VZ805kxvbfPyzXvBqxJX, file-Ggy5VZ805kxkX2YPfZGz0f9B,
         file-Ggy5VZ805kxZ1qqjVxg1bBVK, file-Ggy5VZ805kxb2jkVYy5p1gFv,
         file-Ggy5VZQ05kxX0gQy4X67192y, file-Ggy5VZQ05kxkfzFvGXFZqFFV,
         file-Ggy5VZQ05kxkX2YPfZGz0f9G, file-Ggy5VZj05kxX0gQy4X671930,
         file-Ggy5VZj05kxy3fZgJ3fgZv3K, file-Ggy5VZj05kxpq1j2KzqFb4pG,
         file-Ggy5VZj05kxkfzFvGXFZqFFY, file-Ggy5VZj05kxvbfPyzXvBqxJZ,
         file-Ggy5VZj05kxpq1j2KzqFb4pK, file-Ggy5VZj05kxQkJj4gYY8015B,
         file-Ggy5Vb005kxpq1j2KzqFb4pQ, file-Ggy5Vb005kxy3fZgJ3fgZv3Q,
         file-Ggy5Vb005kxjg8KqpXGjjfQ4, file-Ggy5Vb005kxzK44Gxy8yK9Z8,
         file-Ggy5Vb805kxvbfPyzXvBqxJf, file-Ggy5Vb005kxjg8KqpXGjjfQ6,
         file-Ggy5Vb805kxjg8KqpXGjjfQ8, file-Ggy5Vb805kxb2jkVYy5p1gFy,
         file-Ggy5VbQ05kxy3fZgJ3fgZv3X, file-Ggy5VbQ05kxzK44Gxy8yK9ZG,
         file-Ggy5VbQ05kxzK44Gxy8yK9ZB, file-Ggy5VbQ05kxjg8KqpXGjjfQB,
         file-Ggy5VbQ05kxzK44Gxy8yK9ZK, file-Ggy5VbQ05kxkfzFvGXFZqFFb,
         file-Ggy5VbQ05kxjg8KqpXGjjfQG, file-Ggy5VbQ05kxzK44Gxy8yK9ZQ,
         file-Ggy5Vbj05kxVBy0gg55Z0vGf, file-Ggy5Vbj05kxVjq39227yX4kK,
         file-Ggy5Vbj05kxjg8KqpXGjjfQK, file-Ggy5Vbj05kxX0gQy4X671932,
         file-Ggy5Vbj05kxVjq39227yX4kQ, file-Ggy5Vf005kxzK44Gxy8yK9ZX,
         file-Ggy5Vf005kxpq1j2KzqFb4pX, file-Ggy5Vf005kxb2jkVYy5p1gG0,
         file-Ggy5Vf005kxQkJj4gYY8015G ], [ file-Ggy5VxQ0fQ9y3fZgJ3fgZv3Z,
         file-Ggy5Vxj0fQ9kfzFvGXFZqFFg, file-Ggy5Vxj0fQ9kX2YPfZGz0f9K,
         file-Ggy5Vxj0fQ9Z9Jz8xFGQxv2Z, file-Ggy5Vxj0fQ9xzGvfFk8FQ0j2,
         file-Ggy5Vxj0fQ9y3fZgJ3fgZv3f, file-Ggy5VxQ0fQ9zK44Gxy8yK9ZZ,
         file-Ggy5Vxj0fQ9VBy0gg55Z0vGj, file-Ggy5Vy00fQ9b2jkVYy5p1gG2,
         file-Ggy5Vy00fQ9vbfPyzXvBqxJp, file-Ggy5Vy00fQ9VBy0gg55Z0vGp,
         file-Ggy5Vy00fQ9zK44Gxy8yK9Zf, file-Ggy5Vy00fQ9y3fZgJ3fgZv3j,
         file-Ggy5Vy00fQ9xzGvfFk8FQ0j4, file-Ggy5Vy00fQ9kX2YPfZGz0f9Q,
         file-Ggy5Vy00fQ9X0gQy4X671934, file-Ggy5Vy80fQ9pq1j2KzqFb4pZ,
         file-Ggy5Vy80fQ9Z9Jz8xFGQxv2f, file-Ggy5VyQ0fQ9Z1qqjVxg1bBZZ,
         file-Ggy5VyQ0fQ9kX2YPfZGz0f9X, file-Ggy5VyQ0fQ9VBy0gg55Z0vGv,
         file-Ggy5VyQ0fQ9fPvyJJf32xq3G, file-Ggy5VyQ0fQ9Vjq39227yX4kj,
         file-Ggy5VyQ0fQ9zK44Gxy8yK9Zj, file-Ggy5Vyj0fQ9X0gQy4X671936,
         file-Ggy5Vyj0fQ9y3fZgJ3fgZv3p, file-Ggy5Vyj0fQ9zK44Gxy8yK9Zp,
         file-Ggy5Vyj0fQ9fPvyJJf32xq3K, file-Ggy5Vz00fQ9xzGvfFk8FQ0j6,
         file-Ggy5Vz00fQ9jg8KqpXGjjfQQ, file-Ggy5Vz00fQ9kX2YPfZGz0f9Z,
         file-Ggy5Vz00fQ9pq1j2KzqFb4pf, file-Ggy5Vz00fQ9kX2YPfZGz0f9f,
         file-Ggy5Vz80fQ9kX2YPfZGz0f9j, file-Ggy5Vz80fQ9b2jkVYy5p1gG4,
         file-Ggy5Vz80fQ9kX2YPfZGz0f9p, file-Ggy5Vz80fQ9X0gQy4X671938,
         file-Ggy5VzQ0fQ9X0gQy4X67193B, file-Ggy5VzQ0fQ9pq1j2KzqFb4pj,
         file-Ggy5VzQ0fQ9jg8KqpXGjjfQX, file-Ggy5VzQ0fQ9fPvyJJf32xq3Q,
         file-Ggy5VzQ0fQ9kX2YPfZGz0f9v, file-Ggy5Vzj0fQ9fPvyJJf32xq3X,
         file-Ggy5Vzj0fQ9X0gQy4X67193G, file-Ggy5Vzj0fQ9X0gQy4X67193K,
         file-Ggy5Vzj0fQ9xzGvfFk8FQ0j8, file-Ggy5X000fQ9fPvyJJf32xq3Z,
         file-Ggy5X000fQ9jg8KqpXGjjfQZ, file-Ggy5X000fQ9xzGvfFk8FQ0jB,
         file-Ggy5X000fQ9xzGvfFk8FQ0jG, file-Ggy5X000fQ9xzGvfFk8FQ0jK,
         file-Ggy5X000fQ9X0gQy4X67193Q, file-Ggy5X080fQ9zK44Gxy8yK9Zv,
         file-Ggy5X080fQ9zK44Gxy8yK9Zy, file-Ggy5X080fQ9X0gQy4X67193X,
         file-Ggy5X080fQ9Vjq39227yX4kp, file-Ggy5X080fQ9kX2YPfZGz0f9y,
         file-Ggy5X080fQ9zK44Gxy8yK9b0, file-Ggy5X0Q0fQ9b2jkVYy5p1gG6,
         file-Ggy5X0Q0fQ9xzGvfFk8FQ0jQ, file-Ggy5X0Q0fQ9pq1j2KzqFb4pp,
         file-Ggy5X0Q0fQ9QkJj4gYY8015K, file-Ggy5X0j0fQ9kfzFvGXFZqFFk,
         file-Ggy5X0j0fQ9jg8KqpXGjjfQf, file-Ggy5X0j0fQ9X0gQy4X67193Z,
         file-Ggy5X0j0fQ9kX2YPfZGz0fB0, file-Ggy5X100fQ9xzGvfFk8FQ0jX,
         file-Ggy5X100fQ9kfzFvGXFZqFFq, file-Ggy5X100fQ9zK44Gxy8yK9b2,
         file-Ggy5X100fQ9jg8KqpXGjjfQj, file-Ggy5X180fQ9fPvyJJf32xq3f,
         file-Ggy5X180fQ9jg8KqpXGjjfQp, file-Ggy5X180fQ9Vjq39227yX4kv,
         file-Ggy5X180fQ9fPvyJJf32xq3j, file-Ggy5X180fQ9jg8KqpXGjjfQv,
         file-Ggy5X180fQ9fPvyJJf32xq3p, file-Ggy5X180fQ9xzGvfFk8FQ0jZ,
         file-Ggy5X1Q0fQ9fPvyJJf32xq3v, file-Ggy5X1Q0fQ9zK44Gxy8yK9b4,
         file-Ggy5X1Q0fQ9jg8KqpXGjjfQy, file-Ggy5X1Q0fQ9VBy0gg55Z0vGy,
         file-Ggy5X1Q0fQ9xzGvfFk8FQ0jf, file-Ggy5X1j0fQ9Z9Jz8xFGQxv2j,
         file-Ggy5X1j0fQ9fPvyJJf32xq3y, file-Ggy5X1j0fQ9Z1qqjVxg1bBZf,
         file-Ggy5X1j0fQ9Z9Jz8xFGQxv2p, file-Ggy5X200fQ9Z1qqjVxg1bBZj,
         file-Ggy5X200fQ9Z9Jz8xFGQxv2v, file-Ggy5X200fQ9VBy0gg55Z0vJ0,
         file-Ggy5X200fQ9Vjq39227yX4ky, file-Ggy5X200fQ9xzGvfFk8FQ0jj,
         file-Ggy5X280fQ9fPvyJJf32xq40, file-Ggy5X280fQ9X0gQy4X67193f,
         file-Ggy5X280fQ9b2jkVYy5p1gG8, file-Ggy5X280fQ9fPvyJJf32xq42,
         file-Ggy5X2Q0fQ9zK44Gxy8yK9b6, file-Ggy5X2Q0fQ9fPvyJJf32xq44,
         file-Ggy5X2Q0fQ9xzGvfFk8FQ0jp, file-Ggy5X2Q0fQ9kfzFvGXFZqFFx,
         file-Ggy5X2Q0fQ9fPvyJJf32xq46 ] ] }
        scatter_task___out___dxfiles = [ file-Ggy5VG80YggkfzFvGXFZqFF1,
         file-Ggy5VG80Yggb2jkVYy5p1gFK, file-Ggy5VG80YggZ1qqjVxg1bBQp,
         file-Ggy5VG80YggfPvyJJf32xq2Y, file-Ggy5VGQ0YggVjq39227yX4jQ,
         file-Ggy5VG80YggVBy0gg55Z0vG3, file-Ggy5VG80YggkX2YPfZGz0f8X,
         file-Ggy5VG80Yggy3fZgJ3fgZv30, file-Ggy5VGj0Yggy3fZgJ3fgZv32,
         file-Ggy5VGj0YggVBy0gg55Z0vG5, file-Ggy5VGj0YggzK44Gxy8yK9YQ,
         file-Ggy5VJ00YggfPvyJJf32xq2b, file-Ggy5VGj0YggxzGvfFk8FQ0gZ,
         file-Ggy5VGj0YggkfzFvGXFZqFF3, file-Ggy5VJ00YggVjq39227yX4jX,
         file-Ggy5VJ00YggQkJj4gYY8014Q, file-Ggy5VJ00YggvbfPyzXvBqxJ2,
         file-Ggy5VJ80YggZ9Jz8xFGQxv1x, file-Ggy5VJ80YggVBy0gg55Z0vG7,
         file-Ggy5VJ80YggkfzFvGXFZqFF5, file-Ggy5VJ80YggvbfPyzXvBqxJ4,
         file-Ggy5VJ80Yggpq1j2KzqFb4kQ, file-Ggy5VJQ0Yggjg8KqpXGjjfPQ,
         file-Ggy5VJ80YggZ1qqjVxg1bBQv, file-Ggy5VJQ0YggVBy0gg55Z0vG9,
         file-Ggy5VJj0YggVBy0gg55Z0vGF, file-Ggy5VJj0YggzK44Gxy8yK9YX,
         file-Ggy5VJj0YggZ1qqjVxg1bBQy, file-Ggy5VJj0YggVjq39227yX4jZ,
         file-Ggy5VJj0YggZ9Jz8xFGQxv1z, file-Ggy5VJj0YggX0gQy4X67192J,
         file-Ggy5VJj0Yggy3fZgJ3fgZv34, file-Ggy5VJj0Yggpq1j2KzqFb4kX,
         file-Ggy5VK00YggkX2YPfZGz0f8Z, file-Ggy5VK00YggX0gQy4X67192P,
         file-Ggy5VK00Yggjg8KqpXGjjfPX, file-Ggy5VK80YggVjq39227yX4jf,
         file-Ggy5VK80YggfPvyJJf32xq2g, file-Ggy5VK80YggZ1qqjVxg1bBV0,
         file-Ggy5VK80YggvbfPyzXvBqxJ6, file-Ggy5VK80Yggjg8KqpXGjjfPZ,
         file-Ggy5VK80YggfPvyJJf32xq2k, file-Ggy5VKQ0YggzK44Gxy8yK9YZ,
         file-Ggy5VKQ0Yggy3fZgJ3fgZv36, file-Ggy5VKQ0YggQkJj4gYY8014X,
         file-Ggy5VKQ0YggzK44Gxy8yK9Yf, file-Ggy5VKQ0YggkfzFvGXFZqFF7,
         file-Ggy5VKQ0YggVjq39227yX4jj, file-Ggy5VKQ0Yggjg8KqpXGjjfPf,
         file-Ggy5VKj0YggkX2YPfZGz0f8f, file-Ggy5VKj0Yggy3fZgJ3fgZv38,
         file-Ggy5VKj0YggX0gQy4X67192V, file-Ggy5VP00YggkX2YPfZGz0f8j,
         file-Ggy5VP00YggzK44Gxy8yK9Yj, file-Ggy5VP00Yggb2jkVYy5p1gFQ,
         file-Ggy5VP00Yggpq1j2KzqFb4kZ, file-Ggy5VP00YggZ1qqjVxg1bBV2,
         file-Ggy5VP00YggVjq39227yX4jp, file-Ggy5VP00YggQkJj4gYY8014Z,
         file-Ggy5VP80Yggpq1j2KzqFb4kf, file-Ggy5VP80YggzK44Gxy8yK9Yp,
         file-Ggy5VP80YggvbfPyzXvBqxJ8, file-Ggy5VP80YggX0gQy4X67192Y,
         file-Ggy5VPQ0YggkfzFvGXFZqFF9, file-Ggy5VPQ0YggkX2YPfZGz0f8p,
         file-Ggy5VPQ0YggvbfPyzXvBqxJB, file-Ggy5VPQ0Yggy3fZgJ3fgZv3B,
         file-Ggy5VPQ0Yggpq1j2KzqFb4kj, file-Ggy5VPQ0YggX0gQy4X67192b,
         file-Ggy5VPj0YggVjq39227yX4jv, file-Ggy5VPj0YggQkJj4gYY8014f,
         file-Ggy5VPj0YggZ1qqjVxg1bBV4, file-Ggy5VPj0Yggpq1j2KzqFb4kp,
         file-Ggy5VPj0YggZ9Jz8xFGQxv21, file-Ggy5VQ00YggZ1qqjVxg1bBV6,
         file-Ggy5VQ00Yggpq1j2KzqFb4kv, file-Ggy5VQ00Yggjg8KqpXGjjfPj,
         file-Ggy5VQ80YggQkJj4gYY8014j, file-Ggy5VQ80YggZ9Jz8xFGQxv23,
         file-Ggy5VQ80YggQkJj4gYY8014p, file-Ggy5VQ80YggVBy0gg55Z0vGJ,
         file-Ggy5VQ80YggQkJj4gYY8014v, file-Ggy5VQ80YggzK44Gxy8yK9Yv,
         file-Ggy5VQ80Yggjg8KqpXGjjfPp, file-Ggy5VQ80Yggb2jkVYy5p1gFX,
         file-Ggy5VQQ0YggVBy0gg55Z0vGP, file-Ggy5VQQ0Yggjg8KqpXGjjfPv,
         file-Ggy5VQQ0YggkfzFvGXFZqFFF, file-Ggy5VQQ0Yggpq1j2KzqFb4ky,
         file-Ggy5VQj0YggQkJj4gYY8014y, file-Ggy5VQj0YggkX2YPfZGz0f8v,
         file-Ggy5VQj0Yggjg8KqpXGjjfPy, file-Ggy5VQj0YggZ1qqjVxg1bBV8,
         file-Ggy5VQj0YggVjq39227yX4jy, file-Ggy5VV00Yggy3fZgJ3fgZv3G,
         file-Ggy5VV00YggkX2YPfZGz0f8y, file-Ggy5VV00YggzK44Gxy8yK9Yy,
         file-Ggy5VV00YggkX2YPfZGz0f90, file-Ggy5VV00YggzK44Gxy8yK9Z0,
         file-Ggy5VV00YggQkJj4gYY80150, file-Ggy5VVQ05kxb2jkVYy5p1gFZ,
         file-Ggy5VVQ05kxfPvyJJf32xq2v, file-Ggy5VVQ05kxX0gQy4X67192g,
         file-Ggy5VVQ05kxpq1j2KzqFb4p0, file-Ggy5VVQ05kxxzGvfFk8FQ0gf,
         file-Ggy5VVQ05kxvbfPyzXvBqxJG, file-Ggy5VVQ05kxzK44Gxy8yK9Z2,
         file-Ggy5VVQ05kxZ9Jz8xFGQxv25, file-Ggy5VVj05kxVBy0gg55Z0vGX,
         file-Ggy5VVj05kxZ9Jz8xFGQxv27, file-Ggy5VVj05kxpq1j2KzqFb4p2,
         file-Ggy5VVj05kxX0gQy4X67192k, file-Ggy5VVj05kxxzGvfFk8FQ0gj,
         file-Ggy5VVj05kxfPvyJJf32xq2y, file-Ggy5VVj05kxVBy0gg55Z0vGZ,
         file-Ggy5VX005kxVjq39227yX4k0, file-Ggy5VX005kxVjq39227yX4k2,
         file-Ggy5VX805kxxzGvfFk8FQ0gp, file-Ggy5VX805kxjg8KqpXGjjfQ0,
         file-Ggy5VX805kxZ1qqjVxg1bBVB, file-Ggy5VX805kxkX2YPfZGz0f92,
         file-Ggy5VX805kxQkJj4gYY80152, file-Ggy5VX805kxpq1j2KzqFb4p4,
         file-Ggy5VX805kxxzGvfFk8FQ0gv, file-Ggy5VX805kxQkJj4gYY80154,
         file-Ggy5VXQ05kxZ9Jz8xFGQxv29, file-Ggy5VXQ05kxxzGvfFk8FQ0gy,
         file-Ggy5VXj05kxb2jkVYy5p1gFf, file-Ggy5VXj05kxZ9Jz8xFGQxv2F,
         file-Ggy5VXj05kxVjq39227yX4k4, file-Ggy5VXj05kxkfzFvGXFZqFFJ,
         file-Ggy5VXj05kxpq1j2KzqFb4p6, file-Ggy5VXj05kxVjq39227yX4k6,
         file-Ggy5VY005kxVjq39227yX4k8, file-Ggy5VY005kxX0gQy4X67192v,
         file-Ggy5VY005kxzK44Gxy8yK9Z4, file-Ggy5VY005kxkX2YPfZGz0f94,
         file-Ggy5VY005kxfPvyJJf32xq30, file-Ggy5VY005kxxzGvfFk8FQ0j0,
         file-Ggy5VY005kxvbfPyzXvBqxJK, file-Ggy5VY005kxzK44Gxy8yK9Z6,
         file-Ggy5VY805kxb2jkVYy5p1gFj, file-Ggy5VY805kxkX2YPfZGz0f96,
         file-Ggy5VYQ05kxfPvyJJf32xq32, file-Ggy5VYQ05kxkX2YPfZGz0f98,
         file-Ggy5VYQ05kxvbfPyzXvBqxJQ, file-Ggy5VYQ05kxVjq39227yX4kB,
         file-Ggy5VYQ05kxfPvyJJf32xq34, file-Ggy5VYQ05kxQkJj4gYY80156,
         file-Ggy5VYQ05kxZ1qqjVxg1bBVG, file-Ggy5VYj05kxZ9Jz8xFGQxv2J,
         file-Ggy5VYj05kxfPvyJJf32xq36, file-Ggy5VZ005kxjg8KqpXGjjfQ2,
         file-Ggy5VYj05kxpq1j2KzqFb4p8, file-Ggy5VZ005kxfPvyJJf32xq38,
         file-Ggy5VZ005kxQkJj4gYY80158, file-Ggy5VZ005kxVjq39227yX4kG,
         file-Ggy5VZ005kxkfzFvGXFZqFFP, file-Ggy5VZ005kxfPvyJJf32xq3B,
         file-Ggy5VZ805kxb2jkVYy5p1gFp, file-Ggy5VZ805kxpq1j2KzqFb4pB,
         file-Ggy5VZ805kxvbfPyzXvBqxJX, file-Ggy5VZ805kxkX2YPfZGz0f9B,
         file-Ggy5VZ805kxZ1qqjVxg1bBVK, file-Ggy5VZ805kxb2jkVYy5p1gFv,
         file-Ggy5VZQ05kxX0gQy4X67192y, file-Ggy5VZQ05kxkfzFvGXFZqFFV,
         file-Ggy5VZQ05kxkX2YPfZGz0f9G, file-Ggy5VZj05kxX0gQy4X671930,
         file-Ggy5VZj05kxy3fZgJ3fgZv3K, file-Ggy5VZj05kxpq1j2KzqFb4pG,
         file-Ggy5VZj05kxkfzFvGXFZqFFY, file-Ggy5VZj05kxvbfPyzXvBqxJZ,
         file-Ggy5VZj05kxpq1j2KzqFb4pK, file-Ggy5VZj05kxQkJj4gYY8015B,
         file-Ggy5Vb005kxpq1j2KzqFb4pQ, file-Ggy5Vb005kxy3fZgJ3fgZv3Q,
         file-Ggy5Vb005kxjg8KqpXGjjfQ4, file-Ggy5Vb005kxzK44Gxy8yK9Z8,
         file-Ggy5Vb805kxvbfPyzXvBqxJf, file-Ggy5Vb005kxjg8KqpXGjjfQ6,
         file-Ggy5Vb805kxjg8KqpXGjjfQ8, file-Ggy5Vb805kxb2jkVYy5p1gFy,
         file-Ggy5VbQ05kxy3fZgJ3fgZv3X, file-Ggy5VbQ05kxzK44Gxy8yK9ZG,
         file-Ggy5VbQ05kxzK44Gxy8yK9ZB, file-Ggy5VbQ05kxjg8KqpXGjjfQB,
         file-Ggy5VbQ05kxzK44Gxy8yK9ZK, file-Ggy5VbQ05kxkfzFvGXFZqFFb,
         file-Ggy5VbQ05kxjg8KqpXGjjfQG, file-Ggy5VbQ05kxzK44Gxy8yK9ZQ,
         file-Ggy5Vbj05kxVBy0gg55Z0vGf, file-Ggy5Vbj05kxVjq39227yX4kK,
         file-Ggy5Vbj05kxjg8KqpXGjjfQK, file-Ggy5Vbj05kxX0gQy4X671932,
         file-Ggy5Vbj05kxVjq39227yX4kQ, file-Ggy5Vf005kxzK44Gxy8yK9ZX,
         file-Ggy5Vf005kxpq1j2KzqFb4pX, file-Ggy5Vf005kxb2jkVYy5p1gG0,
         file-Ggy5Vf005kxQkJj4gYY8015G, file-Ggy5VxQ0fQ9y3fZgJ3fgZv3Z,
         file-Ggy5Vxj0fQ9kfzFvGXFZqFFg, file-Ggy5Vxj0fQ9kX2YPfZGz0f9K,
         file-Ggy5Vxj0fQ9Z9Jz8xFGQxv2Z, file-Ggy5Vxj0fQ9xzGvfFk8FQ0j2,
         file-Ggy5Vxj0fQ9y3fZgJ3fgZv3f, file-Ggy5VxQ0fQ9zK44Gxy8yK9ZZ,
         file-Ggy5Vxj0fQ9VBy0gg55Z0vGj, file-Ggy5Vy00fQ9b2jkVYy5p1gG2,
         file-Ggy5Vy00fQ9vbfPyzXvBqxJp, file-Ggy5Vy00fQ9VBy0gg55Z0vGp,
         file-Ggy5Vy00fQ9zK44Gxy8yK9Zf, file-Ggy5Vy00fQ9y3fZgJ3fgZv3j,
         file-Ggy5Vy00fQ9xzGvfFk8FQ0j4, file-Ggy5Vy00fQ9kX2YPfZGz0f9Q,
         file-Ggy5Vy00fQ9X0gQy4X671934, file-Ggy5Vy80fQ9pq1j2KzqFb4pZ,
         file-Ggy5Vy80fQ9Z9Jz8xFGQxv2f, file-Ggy5VyQ0fQ9Z1qqjVxg1bBZZ,
         file-Ggy5VyQ0fQ9kX2YPfZGz0f9X, file-Ggy5VyQ0fQ9VBy0gg55Z0vGv,
         file-Ggy5VyQ0fQ9fPvyJJf32xq3G, file-Ggy5VyQ0fQ9Vjq39227yX4kj,
         file-Ggy5VyQ0fQ9zK44Gxy8yK9Zj, file-Ggy5Vyj0fQ9X0gQy4X671936,
         file-Ggy5Vyj0fQ9y3fZgJ3fgZv3p, file-Ggy5Vyj0fQ9zK44Gxy8yK9Zp,
         file-Ggy5Vyj0fQ9fPvyJJf32xq3K, file-Ggy5Vz00fQ9xzGvfFk8FQ0j6,
         file-Ggy5Vz00fQ9jg8KqpXGjjfQQ, file-Ggy5Vz00fQ9kX2YPfZGz0f9Z,
         file-Ggy5Vz00fQ9pq1j2KzqFb4pf, file-Ggy5Vz00fQ9kX2YPfZGz0f9f,
         file-Ggy5Vz80fQ9kX2YPfZGz0f9j, file-Ggy5Vz80fQ9b2jkVYy5p1gG4,
         file-Ggy5Vz80fQ9kX2YPfZGz0f9p, file-Ggy5Vz80fQ9X0gQy4X671938,
         file-Ggy5VzQ0fQ9X0gQy4X67193B, file-Ggy5VzQ0fQ9pq1j2KzqFb4pj,
         file-Ggy5VzQ0fQ9jg8KqpXGjjfQX, file-Ggy5VzQ0fQ9fPvyJJf32xq3Q,
         file-Ggy5VzQ0fQ9kX2YPfZGz0f9v, file-Ggy5Vzj0fQ9fPvyJJf32xq3X,
         file-Ggy5Vzj0fQ9X0gQy4X67193G, file-Ggy5Vzj0fQ9X0gQy4X67193K,
         file-Ggy5Vzj0fQ9xzGvfFk8FQ0j8, file-Ggy5X000fQ9fPvyJJf32xq3Z,
         file-Ggy5X000fQ9jg8KqpXGjjfQZ, file-Ggy5X000fQ9xzGvfFk8FQ0jB,
         file-Ggy5X000fQ9xzGvfFk8FQ0jG, file-Ggy5X000fQ9xzGvfFk8FQ0jK,
         file-Ggy5X000fQ9X0gQy4X67193Q, file-Ggy5X080fQ9zK44Gxy8yK9Zv,
         file-Ggy5X080fQ9zK44Gxy8yK9Zy, file-Ggy5X080fQ9X0gQy4X67193X,
         file-Ggy5X080fQ9Vjq39227yX4kp, file-Ggy5X080fQ9kX2YPfZGz0f9y,
         file-Ggy5X080fQ9zK44Gxy8yK9b0, file-Ggy5X0Q0fQ9b2jkVYy5p1gG6,
         file-Ggy5X0Q0fQ9xzGvfFk8FQ0jQ, file-Ggy5X0Q0fQ9pq1j2KzqFb4pp,
         file-Ggy5X0Q0fQ9QkJj4gYY8015K, file-Ggy5X0j0fQ9kfzFvGXFZqFFk,
         file-Ggy5X0j0fQ9jg8KqpXGjjfQf, file-Ggy5X0j0fQ9X0gQy4X67193Z,
         file-Ggy5X0j0fQ9kX2YPfZGz0fB0, file-Ggy5X100fQ9xzGvfFk8FQ0jX,
         file-Ggy5X100fQ9kfzFvGXFZqFFq, file-Ggy5X100fQ9zK44Gxy8yK9b2,
         file-Ggy5X100fQ9jg8KqpXGjjfQj, file-Ggy5X180fQ9fPvyJJf32xq3f,
         file-Ggy5X180fQ9jg8KqpXGjjfQp, file-Ggy5X180fQ9Vjq39227yX4kv,
         file-Ggy5X180fQ9fPvyJJf32xq3j, file-Ggy5X180fQ9jg8KqpXGjjfQv,
         file-Ggy5X180fQ9fPvyJJf32xq3p, file-Ggy5X180fQ9xzGvfFk8FQ0jZ,
         file-Ggy5X1Q0fQ9fPvyJJf32xq3v, file-Ggy5X1Q0fQ9zK44Gxy8yK9b4,
         file-Ggy5X1Q0fQ9jg8KqpXGjjfQy, file-Ggy5X1Q0fQ9VBy0gg55Z0vGy,
         file-Ggy5X1Q0fQ9xzGvfFk8FQ0jf, file-Ggy5X1j0fQ9Z9Jz8xFGQxv2j,
         file-Ggy5X1j0fQ9fPvyJJf32xq3y, file-Ggy5X1j0fQ9Z1qqjVxg1bBZf,
         file-Ggy5X1j0fQ9Z9Jz8xFGQxv2p, file-Ggy5X200fQ9Z1qqjVxg1bBZj,
         file-Ggy5X200fQ9Z9Jz8xFGQxv2v, file-Ggy5X200fQ9VBy0gg55Z0vJ0,
         file-Ggy5X200fQ9Vjq39227yX4ky, file-Ggy5X200fQ9xzGvfFk8FQ0jj,
         file-Ggy5X280fQ9fPvyJJf32xq40, file-Ggy5X280fQ9X0gQy4X67193f,
         file-Ggy5X280fQ9b2jkVYy5p1gG8, file-Ggy5X280fQ9fPvyJJf32xq42,
         file-Ggy5X2Q0fQ9zK44Gxy8yK9b6, file-Ggy5X2Q0fQ9fPvyJJf32xq44,
         file-Ggy5X2Q0fQ9xzGvfFk8FQ0jp, file-Ggy5X2Q0fQ9kfzFvGXFZqFFx,
         file-Ggy5X2Q0fQ9fPvyJJf32xq46 ]
