collect_scatter (scatter_collect_with_glob_frag_stage-0:collect) (done) job-Ggy7yqQ0yzZjK5XqBZpGX356
rnathans 2024-03-21 19:41:50 (runtime 0:00:47)
2024-03-21 19:44:48 collect_scatter INFO Logging initialized (priority)
2024-03-21 19:44:48 collect_scatter INFO Logging initialized (bulk)
2024-03-21 19:44:53 collect_scatter INFO Skipping dependency scatter_task because it is inactive in stage (function) collect
2024-03-21 19:44:53 collect_scatter INFO Downloading bundled file dxWDLrt.tar.gz
2024-03-21 19:44:56 collect_scatter STDOUT >>> Unpacking dxWDLrt.tar.gz to /
2024-03-21 19:44:56 collect_scatter STDERR tar: Removing leading `/' from member names
2024-03-21 19:45:04 collect_scatter INFO Setting SSH public key
2024-03-21 19:45:09 collect_scatter STDOUT dxpy/0.371.0 (Linux-5.15.0-1055-aws-x86_64-with-glibc2.29) Python/3.8.10
2024-03-21 19:45:10 collect_scatter STDOUT bash running (job ID job-Ggy7yqQ0yzZjK5XqBZpGX356)
2024-03-21 19:45:10 collect_scatter STDOUT Skipping bash variables for dxCompiler
2024-03-21 19:45:11 collect_scatter STDERR Creating JobMeta: rootDir /home/dnanexus, waitOnUpload: false
2024-03-21 19:45:11 collect_scatter STDERR Creating WorkflowExecutor: separateOutputs false, waitOnUpload false
2024-03-21 19:45:12 collect_scatter STDERR Creating FileSourceResolver localDirectories = /home/dnanexus/work
2024-03-21 19:45:12 collect_scatter STDERR Discovering all files in the input values
2024-03-21 19:45:12 collect_scatter STDERR Loading raw JSON input from /home/dnanexus/job_input.json
2024-03-21 19:45:12 collect_scatter STDERR Raw inputs:
2024-03-21 19:45:12 collect_scatter STDERR {
2024-03-21 19:45:12 collect_scatter STDERR   "input_string": "jjjjjjjjjjjj",
2024-03-21 19:45:12 collect_scatter STDERR   "n": 3
2024-03-21 19:45:12 collect_scatter STDERR }
2024-03-21 19:45:12 collect_scatter STDERR No overrides
2024-03-21 19:45:12 collect_scatter STDERR dxCompiler version: 2.11.6-SNAPSHOT
2024-03-21 19:45:12 collect_scatter STDERR Executable links: Map(scatter_task -> ExecutableLink(scatter_task,Map(index -> TInt, input_string -> TString),Map(out -> TArray(TFile,false)),DxApplet(applet-Ggy7vF00yzZzf5xbVZK02zb7,None)))
2024-03-21 19:45:12 collect_scatter STDERR Environment: Map(input_string -> (TString,VString(jjjjjjjjjjjj)), n -> (TInt,VInt(3)))
2024-03-21 19:45:12 collect_scatter STDERR Block Vector(0) to execute:
2024-03-21 19:45:12 collect_scatter STDERR Block(0, ScatterOneCall)
2024-03-21 19:45:12 collect_scatter STDERR   Inputs: Vector(Int n, String input_string, Int i)
2024-03-21 19:45:12 collect_scatter STDERR   Outputs: Vector(Array[Array[File]] scatter_task.out)
2024-03-21 19:45:12 collect_scatter STDERR   Body:
2024-03-21 19:45:12 collect_scatter STDERR     scatter (i in range(n)) {
2024-03-21 19:45:12 collect_scatter STDERR       call scatter_task { input: input_string = input_string,index = i }
2024-03-21 19:45:12 collect_scatter STDERR     }
2024-03-21 19:45:12 collect_scatter STDERR 
2024-03-21 19:45:12 collect_scatter STDERR Env:
2024-03-21 19:45:12 collect_scatter STDERR   input_string: String jjjjjjjjjjjj
2024-03-21 19:45:12 collect_scatter STDERR   n: Int 3
2024-03-21 19:45:12 collect_scatter STDERR 
2024-03-21 19:45:12 collect_scatter STDERR 
2024-03-21 19:45:13 collect_scatter STDERR Scatter job results:
2024-03-21 19:45:13 collect_scatter STDERR   Some(ScatterExecution(scatter_task,0,Map(out -> [{"$dnanexus_link":"file-Ggy7z680843XzkVZXKYK1kv8"},{"$dnanexus_link":"file-Ggy7z680843yzgzBk10J0kZZ"},{"$dnanexus_link":"file-Ggy7z680843bYB67PKb5923x"},{"$dnanexus_link":"file-Ggy7z680843p2vpxVFjZ5f8y"},{"$dnanexus_link":"file-Ggy7z680843jK5XqBZpGX357"},{"$dnanexus_link":"file-Ggy7z680843vxYgzq59jFjzg"},{"$dnanexus_link":"file-Ggy7z680843jbQKGX36YYJjX"},{"$dnanexus_link":"file-Ggy7z680843k0KX1X98Gkpb8"},{"$dnanexus_link":"file-Ggy7z6j0843k0KX1X98GkpbB"},{"$dnanexus_link":"file-Ggy7z6j0843k0KX1X98GkpbG"},{"$dnanexus_link":"file-Ggy7z6j0843xFK6PqgYPGpz4"},{"$dnanexus_link":"file-Ggy7z6j0843k0KX1X98GkpbK"},{"$dnanexus_link":"file-Ggy7z6j0843xFK6PqgYPGpz6"},{"$dnanexus_link":"file-Ggy7z6j0843ZkY7XgbzzqX22"},{"$dnanexus_link":"file-Ggy7z6j0843g978677P24k3J"},{"$dnanexus_link":"file-Ggy7z700843p2vpxVFjZ5f90"},{"$dnanexus_link":"file-Ggy7z700843jbQKGX36YYJjZ"},{"$dnanexus_link":"file-Ggy7z700843jK5XqBZpGX359"},{"$dnanexu...ink":"file-Ggy7zy80fb02vGvPy5b8pVyp"},{"$dnanexus_link":"file-Ggy7zy80fb0KzgzBk10J0kf3"},{"$dnanexus_link":"file-Ggy7zyQ0fb05YB67PKb59283"},{"$dnanexus_link":"file-Ggy7zyQ0fb02zkVZXKYK1kxf"},{"$dnanexus_link":"file-Ggy7zyQ0fb0GxYgzq59jFk0b"},{"$dnanexus_link":"file-Ggy7zyQ0fb08K5XqBZpGX36Q"},{"$dnanexus_link":"file-Ggy7zyQ0fb04kY7XgbzzqX34"},{"$dnanexus_link":"file-Ggy7zyQ0fb0KzgzBk10J0kf5"},{"$dnanexus_link":"file-Ggy7zyQ0fb05KvFGk8Y3vQpF"},{"$dnanexus_link":"file-Ggy7zyj0fb0JFK6PqgYPGq0V"},{"$dnanexus_link":"file-Ggy7zyj0fb0JFK6PqgYPGq0Y"},{"$dnanexus_link":"file-Ggy7zyj0fb0GxYgzq59jFk0g"},{"$dnanexus_link":"file-Ggy7zyj0fb05KQyf2p856jZZ"},{"$dnanexus_link":"file-Ggy7zz00fb05YB67PKb59285"},{"$dnanexus_link":"file-Ggy7zz00fb02vGvPy5b8pVyv"},{"$dnanexus_link":"file-Ggy7zz00fb04kY7XgbzzqX36"},{"$dnanexus_link":"file-Ggy7zz00fb08K5XqBZpGX36X"},{"$dnanexus_link":"file-Ggy7zz00fb0JFK6PqgYPGq0b"},{"$dnanexus_link":"file-Ggy7zz00fb0KzgzBk10J0kf7"}]),DxJob(job-Ggy7yqQ0yzZyzgzBk10J0kZX,None)))
2024-03-21 19:45:13 collect_scatter STDERR ============= flatOuts ============= Vector(DxFile(file-Ggy7z680843XzkVZXKYK1kv8,None), DxFile(file-Ggy7z680843yzgzBk10J0kZZ,None), DxFile(file-Ggy7z680843bYB67PKb5923x,None), DxFile(file-Ggy7z680843p2vpxVFjZ5f8y,None), DxFile(file-Ggy7z680843jK5XqBZpGX357,None), DxFile(file-Ggy7z680843vxYgzq59jFjzg,None), DxFile(file-Ggy7z680843jbQKGX36YYJjX,None), DxFile(file-Ggy7z680843k0KX1X98Gkpb8,None), DxFile(file-Ggy7z6j0843k0KX1X98GkpbB,None), DxFile(file-Ggy7z6j0843k0KX1X98GkpbG,None), DxFile(file-Ggy7z6j0843xFK6PqgYPGpz4,None), DxFile(file-Ggy7z6j0843k0KX1X98GkpbK,None), DxFile(file-Ggy7z6j0843xFK6PqgYPGpz6,None), DxFile(file-Ggy7z6j0843ZkY7XgbzzqX22,None), DxFile(file-Ggy7z6j0843g978677P24k3J,None), DxFile(file-Ggy7z700843p2vpxVFjZ5f90,None), DxFile(file-Ggy7z700843jbQKGX36YYJjZ,None), DxFile(file-Ggy7z700843jK5XqBZpGX359,None), DxFile(file-Ggy7z780843bYB67PKb5923z,None), DxFile(file-Ggy7z780843xFK6PqgYPGpz8,None), DxFile(file-Ggy7z780843xFK6PqgYPGpzB,None), DxFile(file-Ggy7z780843bYB67PKb59241,None), DxFile(file-Ggy7z780843bKvFGk8Y3vQkJ,None), DxFile(file-Ggy7z780843ZkY7XgbzzqX24,None), DxFile(file-Ggy7z7Q0843bKvFGk8Y3vQkP,None), DxFile(file-Ggy7z7Q0843k0KX1X98GkpbQ,None), DxFile(file-Ggy7z7Q0843bKvFGk8Y3vQkV,None), DxFile(file-Ggy7z7Q0843pG3YVB5zkf8z4,None), DxFile(file-Ggy7z7j0843XzkVZXKYK1kvB,None), DxFile(file-Ggy7z7j0843g978677P24k3P,None), DxFile(file-Ggy7z7j0843bKvFGk8Y3vQkY,None), DxFile(file-Ggy7z7j0843g978677P24k3V,None), DxFile(file-Ggy7z7j0843jK5XqBZpGX35F,None), DxFile(file-Ggy7z800843XvGvPy5b8pVxx,None), DxFile(file-Ggy7z800843g978677P24k3Y,None), DxFile(file-Ggy7z800843XvGvPy5b8pVxz,None), DxFile(file-Ggy7z800843XzkVZXKYK1kvG,None), DxFile(file-Ggy7z880843bKQyf2p856jYQ,None), DxFile(file-Ggy7z800843jbQKGX36YYJjf,None), DxFile(file-Ggy7z880843XzkVZXKYK1kvK,None), DxFile(file-Ggy7z880843p2vpxVFjZ5f92,None), DxFile(file-Ggy7z880843jbQKGX36YYJjj,None), DxFile(file-Ggy7z880843XzkVZXKYK1kvQ,None), DxFile(file-Ggy7z880843kXJ2pQ9zpFQG0,None), DxFile(file-Ggy7z8Q0843g978677P24k3b,None), DxFile(file-Ggy7z8Q0843pG3YVB5zkf8z6,None), DxFile(file-Ggy7z8Q0843XvGvPy5b8pVy1,None), DxFile(file-Ggy7z8Q0843kXJ2pQ9zpFQG2,None), DxFile(file-Ggy7z8Q0843bYB67PKb59243,None), DxFile(file-Ggy7z8j0843g978677P24k3g,None), DxFile(file-Ggy7z8j0843bYB67PKb59245,None), DxFile(file-Ggy7z8j0843xFK6PqgYPGpzG,None), DxFile(file-Ggy7z8j0843k0KX1X98GkpbX,None), DxFile(file-Ggy7z8j0843vxYgzq59jFjzk,None), DxFile(file-Ggy7z900843XvGvPy5b8pVy3,None), DxFile(file-Ggy7z900843bKvFGk8Y3vQkb,None), DxFile(file-Ggy7z900843ZkY7XgbzzqX26,None), DxFile(file-Ggy7z900843g978677P24k3k,None), DxFile(file-Ggy7z900843vxYgzq59jFjzq,None), DxFile(file-Ggy7z980843yzgzBk10J0kZf,None), DxFile(file-Ggy7z980843jbQKGX36YYJjp,None), DxFile(file-Ggy7z980843XzkVZXKYK1kvX,None), DxFile(file-Ggy7z980843k0KX1X98GkpbZ,None), DxFile(file-Ggy7z9Q0843bKQyf2p856jYX,None), DxFile(file-Ggy7z9Q0843yzgzBk10J0kZj,None), DxFile(file-Ggy7z9Q0843bKQyf2p856jYZ,None), DxFile(file-Ggy7z9Q0843kXJ2pQ9zpFQG4,None), DxFile(file-Ggy7z9Q0843bKvFGk8Y3vQkg,None), DxFile(file-Ggy7z9Q0843XvGvPy5b8pVy5,None), DxFile(file-Ggy7z9Q0843vxYgzq59jFjzx,None), DxFile(file-Ggy7z9Q0843XzkVZXKYK1kvZ,None), DxFile(file-Ggy7z9j0843yzgzBk10J0kZp,None), DxFile(file-Ggy7zB00843bKQyf2p856jYf,None), DxFile(file-Ggy7zB00843pG3YVB5zkf8z8,None), DxFile(file-Ggy7zB00843yzgzBk10J0kZv,None), DxFile(file-Ggy7zB00843bKvFGk8Y3vQkk,None), DxFile(file-Ggy7zB00843g978677P24k3q,None), DxFile(file-Ggy7zB00843pG3YVB5zkf8zB,None), DxFile(file-Ggy7zB00843jbQKGX36YYJjv,None), DxFile(file-Ggy7zB80843XzkVZXKYK1kvf,None), DxFile(file-Ggy7zB80843k0KX1X98Gkpbf,None), DxFile(file-Ggy7zB80843ZkY7XgbzzqX28,None), DxFile(file-Ggy7zBQ0843XzkVZXKYK1kvj,None), DxFile(file-Ggy7zB80843ZkY7XgbzzqX2B,None), DxFile(file-Ggy7zBQ0843jK5XqBZpGX35J,None), DxFile(file-Ggy7zBQ0843vxYgzq59jFjzz,None), DxFile(file-Ggy7zBQ0843yzgzBk10J0kZy,None), DxFile(file-Ggy7zBQ0843bYB67PKb59247,None), DxFile(file-Ggy7zBj0843ZkY7XgbzzqX2G,None), DxFile(file-Ggy7zBj0843jbQKGX36YYJjy,None), DxFile(file-Ggy7zBj0843XzkVZXKYK1kvp,None), DxFile(file-Ggy7zBj0843XvGvPy5b8pVy7,None), DxFile(file-Ggy7zBj0843ZkY7XgbzzqX2K,None), DxFile(file-Ggy7zBj0843bYB67PKb59249,None), DxFile(file-Ggy7zBj0843XzkVZXKYK1kvv,None), DxFile(file-Ggy7zF00843jK5XqBZpGX35P,None), DxFile(file-Ggy7zF00843XvGvPy5b8pVy9,None), DxFile(file-Ggy7zF00843jbQKGX36YYJk0,None), DxFile(file-Ggy7zF00843jK5XqBZpGX35V,None), DxFile(file-Ggy7zF00843kXJ2pQ9zpFQG6,None), DxFile(file-Ggy7zFQ0V634kY7XgbzzqX2Q,None), DxFile(file-Ggy7zFQ0V63JFK6PqgYPGpzK,None), DxFile(file-Ggy7zFQ0V637978677P24k3x,None), DxFile(file-Ggy7zFQ0V639XJ2pQ9zpFQG8,None), DxFile(file-Ggy7zFQ0V635KQyf2p856jYj,None), DxFile(file-Ggy7zFQ0V63GxYgzq59jFk01,None), DxFile(file-Ggy7zFQ0V6390KX1X98Gkpbj,None), DxFile(file-Ggy7zFQ0V63KzgzBk10J0kb0,None), DxFile(file-Ggy7zG00V638K5XqBZpGX35Y,None), DxFile(file-Ggy7zG00V63JFK6PqgYPGpzQ,None), DxFile(file-Ggy7zG00V63BG3YVB5zkf8zG,None), DxFile(file-Ggy7zG00V637978677P24k3z,None), DxFile(file-Ggy7zG80V63B2vpxVFjZ5f94,None), DxFile(file-Ggy7zG80V638K5XqBZpGX35b,None), DxFile(file-Ggy7zG80V635YB67PKb5924F,None), DxFile(file-Ggy7zG80V635KQyf2p856jYp,None), DxFile(file-Ggy7zGQ0V634kY7XgbzzqX2X,None), DxFile(file-Ggy7zGQ0V635KvFGk8Y3vQkq,None), DxFile(file-Ggy7zGQ0V63JFK6PqgYPGpzX,None), DxFile(file-Ggy7zGQ0V63BG3YVB5zkf8zK,None), DxFile(file-Ggy7zGQ0V635KQyf2p856jYv,None), DxFile(file-Ggy7zGQ0V63KzgzBk10J0kb2,None), DxFile(file-Ggy7zGQ0V63JFK6PqgYPGpzZ,None), DxFile(file-Ggy7zGQ0V63GxYgzq59jFk03,None), DxFile(file-Ggy7zGj0V6390KX1X98Gkpbp,None), DxFile(file-Ggy7zJ00V635KQyf2p856jYy,None), DxFile(file-Ggy7zJ00V638K5XqBZpGX35g,None), DxFile(file-Ggy7zJ00V639XJ2pQ9zpFQGB,None), DxFile(file-Ggy7zJ00V637978677P24k41,None), DxFile(file-Ggy7zJ00V638bQKGX36YYJk2,None), DxFile(file-Ggy7zJ00V63B2vpxVFjZ5f96,None), DxFile(file-Ggy7zJ00V63KzgzBk10J0kb4,None), DxFile(file-Ggy7zJ00V637978677P24k43,None), DxFile(file-Ggy7zJ80V632vGvPy5b8pVyF,None), DxFile(file-Ggy7zJQ0V6390KX1X98Gkpbv,None), DxFile(file-Ggy7zJQ0V635KvFGk8Y3vQkz,None), DxFile(file-Ggy7zJQ0V632zkVZXKYK1kvy,None), DxFile(file-Ggy7zJ80V635KvFGk8Y3vQkx,None), DxFile(file-Ggy7zJQ0V63BG3YVB5zkf8zQ,None), DxFile(file-Ggy7zJQ0V639XJ2pQ9zpFQGG,None), DxFile(file-Ggy7zJQ0V63JFK6PqgYPGpzf,None), DxFile(file-Ggy7zJj0V639XJ2pQ9zpFQGK,None), DxFile(file-Ggy7zJj0V63KzgzBk10J0kb6,None), DxFile(file-Ggy7zJj0V639XJ2pQ9zpFQGQ,None), DxFile(file-Ggy7zJj0V63GxYgzq59jFk05,None), DxFile(file-Ggy7zJj0V634kY7XgbzzqX2Z,None), DxFile(file-Ggy7zJj0V638K5XqBZpGX35k,None), DxFile(file-Ggy7zJj0V635KQyf2p856jZ0,None), DxFile(file-Ggy7zJj0V639XJ2pQ9zpFQGX,None), DxFile(file-Ggy7zK00V634kY7XgbzzqX2f,None), DxFile(file-Ggy7zK00V63KzgzBk10J0kb8,None), DxFile(file-Ggy7zK80V63GxYgzq59jFk08,None), DxFile(file-Ggy7zK80V638K5XqBZpGX35q,None), DxFile(file-Ggy7zK80V63BG3YVB5zkf8zX,None), DxFile(file-Ggy7zK80V634kY7XgbzzqX2j,None), DxFile(file-Ggy7zK80V639XJ2pQ9zpFQGZ,None), DxFile(file-Ggy7zK80V637978677P24k45,None), DxFile(file-Ggy7zK80V632vGvPy5b8pVyJ,None), DxFile(file-Ggy7zKQ0V6390KX1X98Gkpby,None), DxFile(file-Ggy7zKQ0V63JFK6PqgYPGpzj,None), DxFile(file-Ggy7zKj0V635YB67PKb5924J,None), DxFile(file-Ggy7zKj0V635KQyf2p856jZ2,None), DxFile(file-Ggy7zKj0V63GxYgzq59jFk0B,None), DxFile(file-Ggy7zKj0V6390KX1X98Gkpf0,None), DxFile(file-Ggy7zKj0V634kY7XgbzzqX2p,None), DxFile(file-Ggy7zKj0V632vGvPy5b8pVyP,None), DxFile(file-Ggy7zKj0V639XJ2pQ9zpFQGf,None), DxFile(file-Ggy7zP00V6390KX1X98Gkpf2,None), DxFile(file-Ggy7zP00V634kY7XgbzzqX2v,None), DxFile(file-Ggy7zP00V63KzgzBk10J0kbB,None), DxFile(file-Ggy7zP00V639XJ2pQ9zpFQGj,None), DxFile(file-Ggy7zP80V639XJ2pQ9zpFQGp,None), DxFile(file-Ggy7zP80V63KzgzBk10J0kbG,None), DxFile(file-Ggy7zP00V63JFK6PqgYPGpzp,None), DxFile(file-Ggy7zP80V638K5XqBZpGX35x,None), DxFile(file-Ggy7zP80V632zkVZXKYK1kx0,None), DxFile(file-Ggy7zPQ0V63JFK6PqgYPGpzv,None), DxFile(file-Ggy7zPQ0V634kY7XgbzzqX2y,None), DxFile(file-Ggy7zPQ0V635KQyf2p856jZ4,None), DxFile(file-Ggy7zPQ0V632zkVZXKYK1kx2,None), DxFile(file-Ggy7zPQ0V638K5XqBZpGX3... [truncated]
2024-03-21 19:45:13 collect_scatter STDERR Bulk describing 300 unique file ids
2024-03-21 19:45:13 collect_scatter STDERR Successfully bulk described 300 files
2024-03-21 19:45:13 collect_scatter STDERR Scatter outputs:
2024-03-21 19:45:13 collect_scatter STDERR   scatter_task.out -> (TArray(TArray(TFile,false),false),VArray(Vector(VArray(Vector(VFile(dx://file-Ggy7z680843XzkVZXKYK1kv8::/glob_result_0_0.txt,None,None,None,None,Vector(),None,None), VFile(dx://file-Ggy7z680843yzgzBk10J0kZZ::/glob_result_0_1.txt,None,None,None,None,Vector(),None,None), VFile(dx://file-Ggy7z680843bYB67PKb5923x::/glob_result_0_10.txt,None,None,None,None,Vector(),None,None), VFile(dx://file-Ggy7z680843p2vpxVFjZ5f8y::/glob_result_0_11.txt,None,None,None,None,Vector(),None,None), VFile(dx://file-Ggy7z680843jK5XqBZpGX357::/glob_result_0_12.txt,None,None,None,None,Vector(),None,None), VFile(dx://file-Ggy7z680843vxYgzq59jFjzg::/glob_result_0_13.txt,None,None,None,None,Vector(),None,None), VFile(dx://file-Ggy7z680843jbQKGX36YYJjX::/glob_result_0_14.txt,None,None,None,None,Vector(),None,None), VFile(dx://file-Ggy7z680843k0KX1X98Gkpb8::/glob_result_0_15.txt,None,None,None,None,Vector(),None,None), VFile(dx://file-Ggy7z6j0843k0KX1X98GkpbB::/glob_result_0_16....t_2_90.txt,None,None,None,None,Vector(),None,None), VFile(dx://file-Ggy7zyj0fb0JFK6PqgYPGq0Y::/glob_result_2_91.txt,None,None,None,None,Vector(),None,None), VFile(dx://file-Ggy7zyj0fb0GxYgzq59jFk0g::/glob_result_2_92.txt,None,None,None,None,Vector(),None,None), VFile(dx://file-Ggy7zyj0fb05KQyf2p856jZZ::/glob_result_2_93.txt,None,None,None,None,Vector(),None,None), VFile(dx://file-Ggy7zz00fb05YB67PKb59285::/glob_result_2_94.txt,None,None,None,None,Vector(),None,None), VFile(dx://file-Ggy7zz00fb02vGvPy5b8pVyv::/glob_result_2_95.txt,None,None,None,None,Vector(),None,None), VFile(dx://file-Ggy7zz00fb04kY7XgbzzqX36::/glob_result_2_96.txt,None,None,None,None,Vector(),None,None), VFile(dx://file-Ggy7zz00fb08K5XqBZpGX36X::/glob_result_2_97.txt,None,None,None,None,Vector(),None,None), VFile(dx://file-Ggy7zz00fb0JFK6PqgYPGq0b::/glob_result_2_98.txt,None,None,None,None,Vector(),None,None), VFile(dx://file-Ggy7zz00fb0KzgzBk10J0kf7::/glob_result_2_99.txt,None,None,None,None,Vector(),None,None))))))
2024-03-21 19:45:13 collect_scatter STDERR prepareBlockOutputs
2024-03-21 19:45:13 collect_scatter STDERR   env = Set(input_string, n)
2024-03-21 19:45:13 collect_scatter STDERR   fragResults = Set(scatter_task.out)
2024-03-21 19:45:13 collect_scatter STDERR   exportedVars = Set(scatter_task.out)
2024-03-21 19:45:13 collect_scatter STDERR 
2024-03-21 19:45:13 collect_scatter STDERR outputLinks:
2024-03-21 19:45:13 collect_scatter STDERR   scatter_task.out -> ParameterLinkValue([[{"$dnanexus_link":"file-Ggy7z680843XzkVZXKYK1kv8"},{"$dnanexus_link":"file-Ggy7z680843yzgzBk10J0kZZ"},{"$dnanexus_link":"file-Ggy7z680843bYB67PKb5923x"},{"$dnanexus_link":"file-Ggy7z680843p2vpxVFjZ5f8y"},{"$dnanexus_link":"file-Ggy7z680843jK5XqBZpGX357"},{"$dnanexus_link":"file-Ggy7z680843vxYgzq59jFjzg"},{"$dnanexus_link":"file-Ggy7z680843jbQKGX36YYJjX"},{"$dnanexus_link":"file-Ggy7z680843k0KX1X98Gkpb8"},{"$dnanexus_link":"file-Ggy7z6j0843k0KX1X98GkpbB"},{"$dnanexus_link":"file-Ggy7z6j0843k0KX1X98GkpbG"},{"$dnanexus_link":"file-Ggy7z6j0843xFK6PqgYPGpz4"},{"$dnanexus_link":"file-Ggy7z6j0843k0KX1X98GkpbK"},{"$dnanexus_link":"file-Ggy7z6j0843xFK6PqgYPGpz6"},{"$dnanexus_link":"file-Ggy7z6j0843ZkY7XgbzzqX22"},{"$dnanexus_link":"file-Ggy7z6j0843g978677P24k3J"},{"$dnanexus_link":"file-Ggy7z700843p2vpxVFjZ5f90"},{"$dnanexus_link":"file-Ggy7z700843jbQKGX36YYJjZ"},{"$dnanexus_link":"file-Ggy7z700843jK5XqBZpGX359"},{"$dnanexus_link":"file-Gg...anexus_link":"file-Ggy7zy80fb02vGvPy5b8pVyp"},{"$dnanexus_link":"file-Ggy7zy80fb0KzgzBk10J0kf3"},{"$dnanexus_link":"file-Ggy7zyQ0fb05YB67PKb59283"},{"$dnanexus_link":"file-Ggy7zyQ0fb02zkVZXKYK1kxf"},{"$dnanexus_link":"file-Ggy7zyQ0fb0GxYgzq59jFk0b"},{"$dnanexus_link":"file-Ggy7zyQ0fb08K5XqBZpGX36Q"},{"$dnanexus_link":"file-Ggy7zyQ0fb04kY7XgbzzqX34"},{"$dnanexus_link":"file-Ggy7zyQ0fb0KzgzBk10J0kf5"},{"$dnanexus_link":"file-Ggy7zyQ0fb05KvFGk8Y3vQpF"},{"$dnanexus_link":"file-Ggy7zyj0fb0JFK6PqgYPGq0V"},{"$dnanexus_link":"file-Ggy7zyj0fb0JFK6PqgYPGq0Y"},{"$dnanexus_link":"file-Ggy7zyj0fb0GxYgzq59jFk0g"},{"$dnanexus_link":"file-Ggy7zyj0fb05KQyf2p856jZZ"},{"$dnanexus_link":"file-Ggy7zz00fb05YB67PKb59285"},{"$dnanexus_link":"file-Ggy7zz00fb02vGvPy5b8pVyv"},{"$dnanexus_link":"file-Ggy7zz00fb04kY7XgbzzqX36"},{"$dnanexus_link":"file-Ggy7zz00fb08K5XqBZpGX36X"},{"$dnanexus_link":"file-Ggy7zz00fb0JFK6PqgYPGq0b"},{"$dnanexus_link":"file-Ggy7zz00fb0KzgzBk10J0kf7"}]],TArray(TArray(TFile,false),false))
2024-03-21 19:45:13 collect_scatter STDOUT success Collect
collect_scatter (scatter_collect_with_glob_frag_stage-0:collect) (done) job-Ggy7yqQ0yzZjK5XqBZpGX356
rnathans 2024-03-21 19:41:50 (runtime 0:00:47)
Output: scatter_task___out = { ___: [ [ file-Ggy7z680843XzkVZXKYK1kv8,
         file-Ggy7z680843yzgzBk10J0kZZ, file-Ggy7z680843bYB67PKb5923x,
         file-Ggy7z680843p2vpxVFjZ5f8y, file-Ggy7z680843jK5XqBZpGX357,
         file-Ggy7z680843vxYgzq59jFjzg, file-Ggy7z680843jbQKGX36YYJjX,
         file-Ggy7z680843k0KX1X98Gkpb8, file-Ggy7z6j0843k0KX1X98GkpbB,
         file-Ggy7z6j0843k0KX1X98GkpbG, file-Ggy7z6j0843xFK6PqgYPGpz4,
         file-Ggy7z6j0843k0KX1X98GkpbK, file-Ggy7z6j0843xFK6PqgYPGpz6,
         file-Ggy7z6j0843ZkY7XgbzzqX22, file-Ggy7z6j0843g978677P24k3J,
         file-Ggy7z700843p2vpxVFjZ5f90, file-Ggy7z700843jbQKGX36YYJjZ,
         file-Ggy7z700843jK5XqBZpGX359, file-Ggy7z780843bYB67PKb5923z,
         file-Ggy7z780843xFK6PqgYPGpz8, file-Ggy7z780843xFK6PqgYPGpzB,
         file-Ggy7z780843bYB67PKb59241, file-Ggy7z780843bKvFGk8Y3vQkJ,
         file-Ggy7z780843ZkY7XgbzzqX24, file-Ggy7z7Q0843bKvFGk8Y3vQkP,
         file-Ggy7z7Q0843k0KX1X98GkpbQ, file-Ggy7z7Q0843bKvFGk8Y3vQkV,
         file-Ggy7z7Q0843pG3YVB5zkf8z4, file-Ggy7z7j0843XzkVZXKYK1kvB,
         file-Ggy7z7j0843g978677P24k3P, file-Ggy7z7j0843bKvFGk8Y3vQkY,
         file-Ggy7z7j0843g978677P24k3V, file-Ggy7z7j0843jK5XqBZpGX35F,
         file-Ggy7z800843XvGvPy5b8pVxx, file-Ggy7z800843g978677P24k3Y,
         file-Ggy7z800843XvGvPy5b8pVxz, file-Ggy7z800843XzkVZXKYK1kvG,
         file-Ggy7z880843bKQyf2p856jYQ, file-Ggy7z800843jbQKGX36YYJjf,
         file-Ggy7z880843XzkVZXKYK1kvK, file-Ggy7z880843p2vpxVFjZ5f92,
         file-Ggy7z880843jbQKGX36YYJjj, file-Ggy7z880843XzkVZXKYK1kvQ,
         file-Ggy7z880843kXJ2pQ9zpFQG0, file-Ggy7z8Q0843g978677P24k3b,
         file-Ggy7z8Q0843pG3YVB5zkf8z6, file-Ggy7z8Q0843XvGvPy5b8pVy1,
         file-Ggy7z8Q0843kXJ2pQ9zpFQG2, file-Ggy7z8Q0843bYB67PKb59243,
         file-Ggy7z8j0843g978677P24k3g, file-Ggy7z8j0843bYB67PKb59245,
         file-Ggy7z8j0843xFK6PqgYPGpzG, file-Ggy7z8j0843k0KX1X98GkpbX,
         file-Ggy7z8j0843vxYgzq59jFjzk, file-Ggy7z900843XvGvPy5b8pVy3,
         file-Ggy7z900843bKvFGk8Y3vQkb, file-Ggy7z900843ZkY7XgbzzqX26,
         file-Ggy7z900843g978677P24k3k, file-Ggy7z900843vxYgzq59jFjzq,
         file-Ggy7z980843yzgzBk10J0kZf, file-Ggy7z980843jbQKGX36YYJjp,
         file-Ggy7z980843XzkVZXKYK1kvX, file-Ggy7z980843k0KX1X98GkpbZ,
         file-Ggy7z9Q0843bKQyf2p856jYX, file-Ggy7z9Q0843yzgzBk10J0kZj,
         file-Ggy7z9Q0843bKQyf2p856jYZ, file-Ggy7z9Q0843kXJ2pQ9zpFQG4,
         file-Ggy7z9Q0843bKvFGk8Y3vQkg, file-Ggy7z9Q0843XvGvPy5b8pVy5,
         file-Ggy7z9Q0843vxYgzq59jFjzx, file-Ggy7z9Q0843XzkVZXKYK1kvZ,
         file-Ggy7z9j0843yzgzBk10J0kZp, file-Ggy7zB00843bKQyf2p856jYf,
         file-Ggy7zB00843pG3YVB5zkf8z8, file-Ggy7zB00843yzgzBk10J0kZv,
         file-Ggy7zB00843bKvFGk8Y3vQkk, file-Ggy7zB00843g978677P24k3q,
         file-Ggy7zB00843pG3YVB5zkf8zB, file-Ggy7zB00843jbQKGX36YYJjv,
         file-Ggy7zB80843XzkVZXKYK1kvf, file-Ggy7zB80843k0KX1X98Gkpbf,
         file-Ggy7zB80843ZkY7XgbzzqX28, file-Ggy7zBQ0843XzkVZXKYK1kvj,
         file-Ggy7zB80843ZkY7XgbzzqX2B, file-Ggy7zBQ0843jK5XqBZpGX35J,
         file-Ggy7zBQ0843vxYgzq59jFjzz, file-Ggy7zBQ0843yzgzBk10J0kZy,
         file-Ggy7zBQ0843bYB67PKb59247, file-Ggy7zBj0843ZkY7XgbzzqX2G,
         file-Ggy7zBj0843jbQKGX36YYJjy, file-Ggy7zBj0843XzkVZXKYK1kvp,
         file-Ggy7zBj0843XvGvPy5b8pVy7, file-Ggy7zBj0843ZkY7XgbzzqX2K,
         file-Ggy7zBj0843bYB67PKb59249, file-Ggy7zBj0843XzkVZXKYK1kvv,
         file-Ggy7zF00843jK5XqBZpGX35P, file-Ggy7zF00843XvGvPy5b8pVy9,
         file-Ggy7zF00843jbQKGX36YYJk0, file-Ggy7zF00843jK5XqBZpGX35V,
         file-Ggy7zF00843kXJ2pQ9zpFQG6 ], [ file-Ggy7zFQ0V634kY7XgbzzqX2Q,
         file-Ggy7zFQ0V63JFK6PqgYPGpzK, file-Ggy7zFQ0V637978677P24k3x,
         file-Ggy7zFQ0V639XJ2pQ9zpFQG8, file-Ggy7zFQ0V635KQyf2p856jYj,
         file-Ggy7zFQ0V63GxYgzq59jFk01, file-Ggy7zFQ0V6390KX1X98Gkpbj,
         file-Ggy7zFQ0V63KzgzBk10J0kb0, file-Ggy7zG00V638K5XqBZpGX35Y,
         file-Ggy7zG00V63JFK6PqgYPGpzQ, file-Ggy7zG00V63BG3YVB5zkf8zG,
         file-Ggy7zG00V637978677P24k3z, file-Ggy7zG80V63B2vpxVFjZ5f94,
         file-Ggy7zG80V638K5XqBZpGX35b, file-Ggy7zG80V635YB67PKb5924F,
         file-Ggy7zG80V635KQyf2p856jYp, file-Ggy7zGQ0V634kY7XgbzzqX2X,
         file-Ggy7zGQ0V635KvFGk8Y3vQkq, file-Ggy7zGQ0V63JFK6PqgYPGpzX,
         file-Ggy7zGQ0V63BG3YVB5zkf8zK, file-Ggy7zGQ0V635KQyf2p856jYv,
         file-Ggy7zGQ0V63KzgzBk10J0kb2, file-Ggy7zGQ0V63JFK6PqgYPGpzZ,
         file-Ggy7zGQ0V63GxYgzq59jFk03, file-Ggy7zGj0V6390KX1X98Gkpbp,
         file-Ggy7zJ00V635KQyf2p856jYy, file-Ggy7zJ00V638K5XqBZpGX35g,
         file-Ggy7zJ00V639XJ2pQ9zpFQGB, file-Ggy7zJ00V637978677P24k41,
         file-Ggy7zJ00V638bQKGX36YYJk2, file-Ggy7zJ00V63B2vpxVFjZ5f96,
         file-Ggy7zJ00V63KzgzBk10J0kb4, file-Ggy7zJ00V637978677P24k43,
         file-Ggy7zJ80V632vGvPy5b8pVyF, file-Ggy7zJQ0V6390KX1X98Gkpbv,
         file-Ggy7zJQ0V635KvFGk8Y3vQkz, file-Ggy7zJQ0V632zkVZXKYK1kvy,
         file-Ggy7zJ80V635KvFGk8Y3vQkx, file-Ggy7zJQ0V63BG3YVB5zkf8zQ,
         file-Ggy7zJQ0V639XJ2pQ9zpFQGG, file-Ggy7zJQ0V63JFK6PqgYPGpzf,
         file-Ggy7zJj0V639XJ2pQ9zpFQGK, file-Ggy7zJj0V63KzgzBk10J0kb6,
         file-Ggy7zJj0V639XJ2pQ9zpFQGQ, file-Ggy7zJj0V63GxYgzq59jFk05,
         file-Ggy7zJj0V634kY7XgbzzqX2Z, file-Ggy7zJj0V638K5XqBZpGX35k,
         file-Ggy7zJj0V635KQyf2p856jZ0, file-Ggy7zJj0V639XJ2pQ9zpFQGX,
         file-Ggy7zK00V634kY7XgbzzqX2f, file-Ggy7zK00V63KzgzBk10J0kb8,
         file-Ggy7zK80V63GxYgzq59jFk08, file-Ggy7zK80V638K5XqBZpGX35q,
         file-Ggy7zK80V63BG3YVB5zkf8zX, file-Ggy7zK80V634kY7XgbzzqX2j,
         file-Ggy7zK80V639XJ2pQ9zpFQGZ, file-Ggy7zK80V637978677P24k45,
         file-Ggy7zK80V632vGvPy5b8pVyJ, file-Ggy7zKQ0V6390KX1X98Gkpby,
         file-Ggy7zKQ0V63JFK6PqgYPGpzj, file-Ggy7zKj0V635YB67PKb5924J,
         file-Ggy7zKj0V635KQyf2p856jZ2, file-Ggy7zKj0V63GxYgzq59jFk0B,
         file-Ggy7zKj0V6390KX1X98Gkpf0, file-Ggy7zKj0V634kY7XgbzzqX2p,
         file-Ggy7zKj0V632vGvPy5b8pVyP, file-Ggy7zKj0V639XJ2pQ9zpFQGf,
         file-Ggy7zP00V6390KX1X98Gkpf2, file-Ggy7zP00V634kY7XgbzzqX2v,
         file-Ggy7zP00V63KzgzBk10J0kbB, file-Ggy7zP00V639XJ2pQ9zpFQGj,
         file-Ggy7zP80V639XJ2pQ9zpFQGp, file-Ggy7zP80V63KzgzBk10J0kbG,
         file-Ggy7zP00V63JFK6PqgYPGpzp, file-Ggy7zP80V638K5XqBZpGX35x,
         file-Ggy7zP80V632zkVZXKYK1kx0, file-Ggy7zPQ0V63JFK6PqgYPGpzv,
         file-Ggy7zPQ0V634kY7XgbzzqX2y, file-Ggy7zPQ0V635KQyf2p856jZ4,
         file-Ggy7zPQ0V632zkVZXKYK1kx2, file-Ggy7zPQ0V638K5XqBZpGX35z,
         file-Ggy7zPQ0V637978677P24k47, file-Ggy7zPQ0V63JFK6PqgYPGpzy,
         file-Ggy7zPj0V63JFK6PqgYPGq00, file-Ggy7zPj0V632vGvPy5b8pVyV,
         file-Ggy7zPj0V638K5XqBZpGX361, file-Ggy7zQ00V635YB67PKb5924P,
         file-Ggy7zQ00V63JFK6PqgYPGq02, file-Ggy7zQ00V63GxYgzq59jFk0G,
         file-Ggy7zQ00V6390KX1X98Gkpf4, file-Ggy7zQ00V637978677P24k49,
         file-Ggy7zQ80V635KQyf2p856jZ6, file-Ggy7zQ80V63KzgzBk10J0kbK,
         file-Ggy7zQ80V635YB67PKb5924V, file-Ggy7zQ80V638bQKGX36YYJk4,
         file-Ggy7zQ80V639XJ2pQ9zpFQGv, file-Ggy7zQ80V635KQyf2p856jZ8,
         file-Ggy7zQ80V632zkVZXKYK1kx4, file-Ggy7zQ80V63KzgzBk10J0kbQ,
         file-Ggy7zQQ0V635KQyf2p856jZB ], [ file-Ggy7zp80fb0B2vpxVFjZ5f98,
         file-Ggy7zp80fb08bQKGX36YYJk8, file-Ggy7zp80fb0BG3YVB5zkf8zZ,
         file-Ggy7zp80fb02zkVZXKYK1kx6, file-Ggy7zp80fb05KvFGk8Y3vQp1,
         file-Ggy7zp80fb05KQyf2p856jZG, file-Ggy7zp80fb0JFK6PqgYPGq05,
         file-Ggy7zp80fb07978677P24k4F, file-Ggy7zpj0fb05YB67PKb5927g,
         file-Ggy7zpj0fb02zkVZXKYK1kx8, file-Ggy7zpj0fb08bQKGX36YYJkB,
         file-Ggy7zpj0fb02zkVZXKYK1kxB, file-Ggy7zpj0fb0JFK6PqgYPGq07,
         file-Ggy7zpj0fb09XJ2pQ9zpFQGy, file-Ggy7zpj0fb090KX1X98Gkpf7,
         file-Ggy7zpj0fb0B2vpxVFjZ5f9B, file-Ggy7zq00fb08K5XqBZpGX364,
         file-Ggy7zq00fb02vGvPy5b8pVyY, file-Ggy7zq80fb08bQKGX36YYJkG,
         file-Ggy7zq80fb05KvFGk8Y3vQp3, file-Ggy7zq80fb05YB67PKb5927k,
         file-Ggy7zq80fb07978677P24k4J, file-Ggy7zq80fb0KzgzBk10J0kbY,
         file-Ggy7zq80fb0B2vpxVFjZ5f9G, file-Ggy7zqQ0fb0B2vpxVFjZ5f9K,
         file-Ggy7zqQ0fb02zkVZXKYK1kxG, file-Ggy7zqj0fb09XJ2pQ9zpFQJ0,
         file-Ggy7zqj0fb02vGvPy5b8pVyf, file-Ggy7zqj0fb07978677P24k4P,
         file-Ggy7zqQ0fb02zkVZXKYK1kxK, file-Ggy7zqj0fb0KzgzBk10J0kbg,
         file-Ggy7zqj0fb0KzgzBk10J0kbb, file-Ggy7zqj0fb090KX1X98Gkpf9,
         file-Ggy7zqj0fb08bQKGX36YYJkK, file-Ggy7zv00fb05YB67PKb5927q,
         file-Ggy7zv00fb0B2vpxVFjZ5f9Q, file-Ggy7zv00fb0GxYgzq59jFk0P,
         file-Ggy7zv00fb08K5XqBZpGX366, file-Ggy7zv00fb09XJ2pQ9zpFQJ2,
         file-Ggy7zv80fb0KzgzBk10J0kbk, file-Ggy7zv80fb04kY7XgbzzqX30,
         file-Ggy7zv80fb0BG3YVB5zkf8zf, file-Ggy7zv80fb0JFK6PqgYPGq09,
         file-Ggy7zvQ0fb09XJ2pQ9zpFQJ4, file-Ggy7zvQ0fb05YB67PKb5927x,
         file-Ggy7zvQ0fb090KX1X98GkpfF, file-Ggy7zvQ0fb0B2vpxVFjZ5f9X,
         file-Ggy7zvQ0fb05YB67PKb5927z, file-Ggy7zvQ0fb08K5XqBZpGX368,
         file-Ggy7zvQ0fb0GxYgzq59jFk0V, file-Ggy7zvj0fb04kY7XgbzzqX32,
         file-Ggy7zvj0fb05KQyf2p856jZK, file-Ggy7zvj0fb09XJ2pQ9zpFQJ6,
         file-Ggy7zvj0fb0GxYgzq59jFk0Y, file-Ggy7zvj0fb08K5XqBZpGX36B,
         file-Ggy7zx00fb090KX1X98GkpfJ, file-Ggy7zx00fb0KzgzBk10J0kbq,
         file-Ggy7zx00fb08bQKGX36YYJkQ, file-Ggy7zx80fb02vGvPy5b8pVyj,
         file-Ggy7zx80fb05KQyf2p856jZQ, file-Ggy7zx80fb08K5XqBZpGX36G,
         file-Ggy7zx80fb0JFK6PqgYPGq0F, file-Ggy7zx80fb05KvFGk8Y3vQp5,
         file-Ggy7zx80fb0JFK6PqgYPGq0J, file-Ggy7zxQ0fb08K5XqBZpGX36K,
         file-Ggy7zxQ0fb0KzgzBk10J0kbx, file-Ggy7zxQ0fb090KX1X98GkpfP,
         file-Ggy7zxQ0fb0JFK6PqgYPGq0P, file-Ggy7zxQ0fb05KQyf2p856jZX,
         file-Ggy7zxj0fb02zkVZXKYK1kxQ, file-Ggy7zxj0fb0KzgzBk10J0kbz,
         file-Ggy7zxj0fb0BG3YVB5zkf8zj, file-Ggy7zxj0fb05KvFGk8Y3vQp7,
         file-Ggy7zxj0fb0B2vpxVFjZ5f9Z, file-Ggy7zy00fb07978677P24k4V,
         file-Ggy7zy00fb0KzgzBk10J0kf1, file-Ggy7zy00fb05YB67PKb59281,
         file-Ggy7zy00fb02zkVZXKYK1kxX, file-Ggy7zy00fb05KvFGk8Y3vQp9,
         file-Ggy7zy00fb08bQKGX36YYJkX, file-Ggy7zy80fb02zkVZXKYK1kxZ,
         file-Ggy7zy80fb02vGvPy5b8pVyp, file-Ggy7zy80fb0KzgzBk10J0kf3,
         file-Ggy7zyQ0fb05YB67PKb59283, file-Ggy7zyQ0fb02zkVZXKYK1kxf,
         file-Ggy7zyQ0fb0GxYgzq59jFk0b, file-Ggy7zyQ0fb08K5XqBZpGX36Q,
         file-Ggy7zyQ0fb04kY7XgbzzqX34, file-Ggy7zyQ0fb0KzgzBk10J0kf5,
         file-Ggy7zyQ0fb05KvFGk8Y3vQpF, file-Ggy7zyj0fb0JFK6PqgYPGq0V,
         file-Ggy7zyj0fb0JFK6PqgYPGq0Y, file-Ggy7zyj0fb0GxYgzq59jFk0g,
         file-Ggy7zyj0fb05KQyf2p856jZZ, file-Ggy7zz00fb05YB67PKb59285,
         file-Ggy7zz00fb02vGvPy5b8pVyv, file-Ggy7zz00fb04kY7XgbzzqX36,
         file-Ggy7zz00fb08K5XqBZpGX36X, file-Ggy7zz00fb0JFK6PqgYPGq0b,
         file-Ggy7zz00fb0KzgzBk10J0kf7 ] ] }
        scatter_task___out___dxfiles = [ file-Ggy7z680843XzkVZXKYK1kv8,
         file-Ggy7z680843yzgzBk10J0kZZ, file-Ggy7z680843bYB67PKb5923x,
         file-Ggy7z680843p2vpxVFjZ5f8y, file-Ggy7z680843jK5XqBZpGX357,
         file-Ggy7z680843vxYgzq59jFjzg, file-Ggy7z680843jbQKGX36YYJjX,
         file-Ggy7z680843k0KX1X98Gkpb8, file-Ggy7z6j0843k0KX1X98GkpbB,
         file-Ggy7z6j0843k0KX1X98GkpbG, file-Ggy7z6j0843xFK6PqgYPGpz4,
         file-Ggy7z6j0843k0KX1X98GkpbK, file-Ggy7z6j0843xFK6PqgYPGpz6,
         file-Ggy7z6j0843ZkY7XgbzzqX22, file-Ggy7z6j0843g978677P24k3J,
         file-Ggy7z700843p2vpxVFjZ5f90, file-Ggy7z700843jbQKGX36YYJjZ,
         file-Ggy7z700843jK5XqBZpGX359, file-Ggy7z780843bYB67PKb5923z,
         file-Ggy7z780843xFK6PqgYPGpz8, file-Ggy7z780843xFK6PqgYPGpzB,
         file-Ggy7z780843bYB67PKb59241, file-Ggy7z780843bKvFGk8Y3vQkJ,
         file-Ggy7z780843ZkY7XgbzzqX24, file-Ggy7z7Q0843bKvFGk8Y3vQkP,
         file-Ggy7z7Q0843k0KX1X98GkpbQ, file-Ggy7z7Q0843bKvFGk8Y3vQkV,
         file-Ggy7z7Q0843pG3YVB5zkf8z4, file-Ggy7z7j0843XzkVZXKYK1kvB,
         file-Ggy7z7j0843g978677P24k3P, file-Ggy7z7j0843bKvFGk8Y3vQkY,
         file-Ggy7z7j0843g978677P24k3V, file-Ggy7z7j0843jK5XqBZpGX35F,
         file-Ggy7z800843XvGvPy5b8pVxx, file-Ggy7z800843g978677P24k3Y,
         file-Ggy7z800843XvGvPy5b8pVxz, file-Ggy7z800843XzkVZXKYK1kvG,
         file-Ggy7z880843bKQyf2p856jYQ, file-Ggy7z800843jbQKGX36YYJjf,
         file-Ggy7z880843XzkVZXKYK1kvK, file-Ggy7z880843p2vpxVFjZ5f92,
         file-Ggy7z880843jbQKGX36YYJjj, file-Ggy7z880843XzkVZXKYK1kvQ,
         file-Ggy7z880843kXJ2pQ9zpFQG0, file-Ggy7z8Q0843g978677P24k3b,
         file-Ggy7z8Q0843pG3YVB5zkf8z6, file-Ggy7z8Q0843XvGvPy5b8pVy1,
         file-Ggy7z8Q0843kXJ2pQ9zpFQG2, file-Ggy7z8Q0843bYB67PKb59243,
         file-Ggy7z8j0843g978677P24k3g, file-Ggy7z8j0843bYB67PKb59245,
         file-Ggy7z8j0843xFK6PqgYPGpzG, file-Ggy7z8j0843k0KX1X98GkpbX,
         file-Ggy7z8j0843vxYgzq59jFjzk, file-Ggy7z900843XvGvPy5b8pVy3,
         file-Ggy7z900843bKvFGk8Y3vQkb, file-Ggy7z900843ZkY7XgbzzqX26,
         file-Ggy7z900843g978677P24k3k, file-Ggy7z900843vxYgzq59jFjzq,
         file-Ggy7z980843yzgzBk10J0kZf, file-Ggy7z980843jbQKGX36YYJjp,
         file-Ggy7z980843XzkVZXKYK1kvX, file-Ggy7z980843k0KX1X98GkpbZ,
         file-Ggy7z9Q0843bKQyf2p856jYX, file-Ggy7z9Q0843yzgzBk10J0kZj,
         file-Ggy7z9Q0843bKQyf2p856jYZ, file-Ggy7z9Q0843kXJ2pQ9zpFQG4,
         file-Ggy7z9Q0843bKvFGk8Y3vQkg, file-Ggy7z9Q0843XvGvPy5b8pVy5,
         file-Ggy7z9Q0843vxYgzq59jFjzx, file-Ggy7z9Q0843XzkVZXKYK1kvZ,
         file-Ggy7z9j0843yzgzBk10J0kZp, file-Ggy7zB00843bKQyf2p856jYf,
         file-Ggy7zB00843pG3YVB5zkf8z8, file-Ggy7zB00843yzgzBk10J0kZv,
         file-Ggy7zB00843bKvFGk8Y3vQkk, file-Ggy7zB00843g978677P24k3q,
         file-Ggy7zB00843pG3YVB5zkf8zB, file-Ggy7zB00843jbQKGX36YYJjv,
         file-Ggy7zB80843XzkVZXKYK1kvf, file-Ggy7zB80843k0KX1X98Gkpbf,
         file-Ggy7zB80843ZkY7XgbzzqX28, file-Ggy7zBQ0843XzkVZXKYK1kvj,
         file-Ggy7zB80843ZkY7XgbzzqX2B, file-Ggy7zBQ0843jK5XqBZpGX35J,
         file-Ggy7zBQ0843vxYgzq59jFjzz, file-Ggy7zBQ0843yzgzBk10J0kZy,
         file-Ggy7zBQ0843bYB67PKb59247, file-Ggy7zBj0843ZkY7XgbzzqX2G,
         file-Ggy7zBj0843jbQKGX36YYJjy, file-Ggy7zBj0843XzkVZXKYK1kvp,
         file-Ggy7zBj0843XvGvPy5b8pVy7, file-Ggy7zBj0843ZkY7XgbzzqX2K,
         file-Ggy7zBj0843bYB67PKb59249, file-Ggy7zBj0843XzkVZXKYK1kvv,
         file-Ggy7zF00843jK5XqBZpGX35P, file-Ggy7zF00843XvGvPy5b8pVy9,
         file-Ggy7zF00843jbQKGX36YYJk0, file-Ggy7zF00843jK5XqBZpGX35V,
         file-Ggy7zF00843kXJ2pQ9zpFQG6, file-Ggy7zFQ0V634kY7XgbzzqX2Q,
         file-Ggy7zFQ0V63JFK6PqgYPGpzK, file-Ggy7zFQ0V637978677P24k3x,
         file-Ggy7zFQ0V639XJ2pQ9zpFQG8, file-Ggy7zFQ0V635KQyf2p856jYj,
         file-Ggy7zFQ0V63GxYgzq59jFk01, file-Ggy7zFQ0V6390KX1X98Gkpbj,
         file-Ggy7zFQ0V63KzgzBk10J0kb0, file-Ggy7zG00V638K5XqBZpGX35Y,
         file-Ggy7zG00V63JFK6PqgYPGpzQ, file-Ggy7zG00V63BG3YVB5zkf8zG,
         file-Ggy7zG00V637978677P24k3z, file-Ggy7zG80V63B2vpxVFjZ5f94,
         file-Ggy7zG80V638K5XqBZpGX35b, file-Ggy7zG80V635YB67PKb5924F,
         file-Ggy7zG80V635KQyf2p856jYp, file-Ggy7zGQ0V634kY7XgbzzqX2X,
         file-Ggy7zGQ0V635KvFGk8Y3vQkq, file-Ggy7zGQ0V63JFK6PqgYPGpzX,
         file-Ggy7zGQ0V63BG3YVB5zkf8zK, file-Ggy7zGQ0V635KQyf2p856jYv,
         file-Ggy7zGQ0V63KzgzBk10J0kb2, file-Ggy7zGQ0V63JFK6PqgYPGpzZ,
         file-Ggy7zGQ0V63GxYgzq59jFk03, file-Ggy7zGj0V6390KX1X98Gkpbp,
         file-Ggy7zJ00V635KQyf2p856jYy, file-Ggy7zJ00V638K5XqBZpGX35g,
         file-Ggy7zJ00V639XJ2pQ9zpFQGB, file-Ggy7zJ00V637978677P24k41,
         file-Ggy7zJ00V638bQKGX36YYJk2, file-Ggy7zJ00V63B2vpxVFjZ5f96,
         file-Ggy7zJ00V63KzgzBk10J0kb4, file-Ggy7zJ00V637978677P24k43,
         file-Ggy7zJ80V632vGvPy5b8pVyF, file-Ggy7zJQ0V6390KX1X98Gkpbv,
         file-Ggy7zJQ0V635KvFGk8Y3vQkz, file-Ggy7zJQ0V632zkVZXKYK1kvy,
         file-Ggy7zJ80V635KvFGk8Y3vQkx, file-Ggy7zJQ0V63BG3YVB5zkf8zQ,
         file-Ggy7zJQ0V639XJ2pQ9zpFQGG, file-Ggy7zJQ0V63JFK6PqgYPGpzf,
         file-Ggy7zJj0V639XJ2pQ9zpFQGK, file-Ggy7zJj0V63KzgzBk10J0kb6,
         file-Ggy7zJj0V639XJ2pQ9zpFQGQ, file-Ggy7zJj0V63GxYgzq59jFk05,
         file-Ggy7zJj0V634kY7XgbzzqX2Z, file-Ggy7zJj0V638K5XqBZpGX35k,
         file-Ggy7zJj0V635KQyf2p856jZ0, file-Ggy7zJj0V639XJ2pQ9zpFQGX,
         file-Ggy7zK00V634kY7XgbzzqX2f, file-Ggy7zK00V63KzgzBk10J0kb8,
         file-Ggy7zK80V63GxYgzq59jFk08, file-Ggy7zK80V638K5XqBZpGX35q,
         file-Ggy7zK80V63BG3YVB5zkf8zX, file-Ggy7zK80V634kY7XgbzzqX2j,
         file-Ggy7zK80V639XJ2pQ9zpFQGZ, file-Ggy7zK80V637978677P24k45,
         file-Ggy7zK80V632vGvPy5b8pVyJ, file-Ggy7zKQ0V6390KX1X98Gkpby,
         file-Ggy7zKQ0V63JFK6PqgYPGpzj, file-Ggy7zKj0V635YB67PKb5924J,
         file-Ggy7zKj0V635KQyf2p856jZ2, file-Ggy7zKj0V63GxYgzq59jFk0B,
         file-Ggy7zKj0V6390KX1X98Gkpf0, file-Ggy7zKj0V634kY7XgbzzqX2p,
         file-Ggy7zKj0V632vGvPy5b8pVyP, file-Ggy7zKj0V639XJ2pQ9zpFQGf,
         file-Ggy7zP00V6390KX1X98Gkpf2, file-Ggy7zP00V634kY7XgbzzqX2v,
         file-Ggy7zP00V63KzgzBk10J0kbB, file-Ggy7zP00V639XJ2pQ9zpFQGj,
         file-Ggy7zP80V639XJ2pQ9zpFQGp, file-Ggy7zP80V63KzgzBk10J0kbG,
         file-Ggy7zP00V63JFK6PqgYPGpzp, file-Ggy7zP80V638K5XqBZpGX35x,
         file-Ggy7zP80V632zkVZXKYK1kx0, file-Ggy7zPQ0V63JFK6PqgYPGpzv,
         file-Ggy7zPQ0V634kY7XgbzzqX2y, file-Ggy7zPQ0V635KQyf2p856jZ4,
         file-Ggy7zPQ0V632zkVZXKYK1kx2, file-Ggy7zPQ0V638K5XqBZpGX35z,
         file-Ggy7zPQ0V637978677P24k47, file-Ggy7zPQ0V63JFK6PqgYPGpzy,
         file-Ggy7zPj0V63JFK6PqgYPGq00, file-Ggy7zPj0V632vGvPy5b8pVyV,
         file-Ggy7zPj0V638K5XqBZpGX361, file-Ggy7zQ00V635YB67PKb5924P,
         file-Ggy7zQ00V63JFK6PqgYPGq02, file-Ggy7zQ00V63GxYgzq59jFk0G,
         file-Ggy7zQ00V6390KX1X98Gkpf4, file-Ggy7zQ00V637978677P24k49,
         file-Ggy7zQ80V635KQyf2p856jZ6, file-Ggy7zQ80V63KzgzBk10J0kbK,
         file-Ggy7zQ80V635YB67PKb5924V, file-Ggy7zQ80V638bQKGX36YYJk4,
         file-Ggy7zQ80V639XJ2pQ9zpFQGv, file-Ggy7zQ80V635KQyf2p856jZ8,
         file-Ggy7zQ80V632zkVZXKYK1kx4, file-Ggy7zQ80V63KzgzBk10J0kbQ,
         file-Ggy7zQQ0V635KQyf2p856jZB, file-Ggy7zp80fb0B2vpxVFjZ5f98,
         file-Ggy7zp80fb08bQKGX36YYJk8, file-Ggy7zp80fb0BG3YVB5zkf8zZ,
         file-Ggy7zp80fb02zkVZXKYK1kx6, file-Ggy7zp80fb05KvFGk8Y3vQp1,
         file-Ggy7zp80fb05KQyf2p856jZG, file-Ggy7zp80fb0JFK6PqgYPGq05,
         file-Ggy7zp80fb07978677P24k4F, file-Ggy7zpj0fb05YB67PKb5927g,
         file-Ggy7zpj0fb02zkVZXKYK1kx8, file-Ggy7zpj0fb08bQKGX36YYJkB,
         file-Ggy7zpj0fb02zkVZXKYK1kxB, file-Ggy7zpj0fb0JFK6PqgYPGq07,
         file-Ggy7zpj0fb09XJ2pQ9zpFQGy, file-Ggy7zpj0fb090KX1X98Gkpf7,
         file-Ggy7zpj0fb0B2vpxVFjZ5f9B, file-Ggy7zq00fb08K5XqBZpGX364,
         file-Ggy7zq00fb02vGvPy5b8pVyY, file-Ggy7zq80fb08bQKGX36YYJkG,
         file-Ggy7zq80fb05KvFGk8Y3vQp3, file-Ggy7zq80fb05YB67PKb5927k,
         file-Ggy7zq80fb07978677P24k4J, file-Ggy7zq80fb0KzgzBk10J0kbY,
         file-Ggy7zq80fb0B2vpxVFjZ5f9G, file-Ggy7zqQ0fb0B2vpxVFjZ5f9K,
         file-Ggy7zqQ0fb02zkVZXKYK1kxG, file-Ggy7zqj0fb09XJ2pQ9zpFQJ0,
         file-Ggy7zqj0fb02vGvPy5b8pVyf, file-Ggy7zqj0fb07978677P24k4P,
         file-Ggy7zqQ0fb02zkVZXKYK1kxK, file-Ggy7zqj0fb0KzgzBk10J0kbg,
         file-Ggy7zqj0fb0KzgzBk10J0kbb, file-Ggy7zqj0fb090KX1X98Gkpf9,
         file-Ggy7zqj0fb08bQKGX36YYJkK, file-Ggy7zv00fb05YB67PKb5927q,
         file-Ggy7zv00fb0B2vpxVFjZ5f9Q, file-Ggy7zv00fb0GxYgzq59jFk0P,
         file-Ggy7zv00fb08K5XqBZpGX366, file-Ggy7zv00fb09XJ2pQ9zpFQJ2,
         file-Ggy7zv80fb0KzgzBk10J0kbk, file-Ggy7zv80fb04kY7XgbzzqX30,
         file-Ggy7zv80fb0BG3YVB5zkf8zf, file-Ggy7zv80fb0JFK6PqgYPGq09,
         file-Ggy7zvQ0fb09XJ2pQ9zpFQJ4, file-Ggy7zvQ0fb05YB67PKb5927x,
         file-Ggy7zvQ0fb090KX1X98GkpfF, file-Ggy7zvQ0fb0B2vpxVFjZ5f9X,
         file-Ggy7zvQ0fb05YB67PKb5927z, file-Ggy7zvQ0fb08K5XqBZpGX368,
         file-Ggy7zvQ0fb0GxYgzq59jFk0V, file-Ggy7zvj0fb04kY7XgbzzqX32,
         file-Ggy7zvj0fb05KQyf2p856jZK, file-Ggy7zvj0fb09XJ2pQ9zpFQJ6,
         file-Ggy7zvj0fb0GxYgzq59jFk0Y, file-Ggy7zvj0fb08K5XqBZpGX36B,
         file-Ggy7zx00fb090KX1X98GkpfJ, file-Ggy7zx00fb0KzgzBk10J0kbq,
         file-Ggy7zx00fb08bQKGX36YYJkQ, file-Ggy7zx80fb02vGvPy5b8pVyj,
         file-Ggy7zx80fb05KQyf2p856jZQ, file-Ggy7zx80fb08K5XqBZpGX36G,
         file-Ggy7zx80fb0JFK6PqgYPGq0F, file-Ggy7zx80fb05KvFGk8Y3vQp5,
         file-Ggy7zx80fb0JFK6PqgYPGq0J, file-Ggy7zxQ0fb08K5XqBZpGX36K,
         file-Ggy7zxQ0fb0KzgzBk10J0kbx, file-Ggy7zxQ0fb090KX1X98GkpfP,
         file-Ggy7zxQ0fb0JFK6PqgYPGq0P, file-Ggy7zxQ0fb05KQyf2p856jZX,
         file-Ggy7zxj0fb02zkVZXKYK1kxQ, file-Ggy7zxj0fb0KzgzBk10J0kbz,
         file-Ggy7zxj0fb0BG3YVB5zkf8zj, file-Ggy7zxj0fb05KvFGk8Y3vQp7,
         file-Ggy7zxj0fb0B2vpxVFjZ5f9Z, file-Ggy7zy00fb07978677P24k4V,
         file-Ggy7zy00fb0KzgzBk10J0kf1, file-Ggy7zy00fb05YB67PKb59281,
         file-Ggy7zy00fb02zkVZXKYK1kxX, file-Ggy7zy00fb05KvFGk8Y3vQp9,
         file-Ggy7zy00fb08bQKGX36YYJkX, file-Ggy7zy80fb02zkVZXKYK1kxZ,
         file-Ggy7zy80fb02vGvPy5b8pVyp, file-Ggy7zy80fb0KzgzBk10J0kf3,
         file-Ggy7zyQ0fb05YB67PKb59283, file-Ggy7zyQ0fb02zkVZXKYK1kxf,
         file-Ggy7zyQ0fb0GxYgzq59jFk0b, file-Ggy7zyQ0fb08K5XqBZpGX36Q,
         file-Ggy7zyQ0fb04kY7XgbzzqX34, file-Ggy7zyQ0fb0KzgzBk10J0kf5,
         file-Ggy7zyQ0fb05KvFGk8Y3vQpF, file-Ggy7zyj0fb0JFK6PqgYPGq0V,
         file-Ggy7zyj0fb0JFK6PqgYPGq0Y, file-Ggy7zyj0fb0GxYgzq59jFk0g,
         file-Ggy7zyj0fb05KQyf2p856jZZ, file-Ggy7zz00fb05YB67PKb59285,
         file-Ggy7zz00fb02vGvPy5b8pVyv, file-Ggy7zz00fb04kY7XgbzzqX36,
         file-Ggy7zz00fb08K5XqBZpGX36X, file-Ggy7zz00fb0JFK6PqgYPGq0b,
         file-Ggy7zz00fb0KzgzBk10J0kf7 ]
